<?xml version="1.0" encoding="UTF-8"?>
<robot generator="Robot 7.0 (Python 3.12.2 on win32)" generated="2024-05-28T06:23:07.657680" rpa="false" schemaversion="5">
<suite id="s1" name="Roshini Demo" source="C:\Roshini_Demo">
<suite id="s1-s1" name="TestCase" source="C:\Roshini_Demo\TestCase">
<suite id="s1-s1-s1" name="Test Appeal" source="C:\Roshini_Demo\TestCase\Test_Appeal.robot">
<test id="s1-s1-s1-t1" name="verify the element of A to Z" line="10">
<kw name="open the browser" owner="GenericResources" type="SETUP">
<kw name="Create Webdriver" owner="SeleniumLibrary">
<msg time="2024-05-28T06:23:08.281547" level="INFO">Creating an instance of the Chrome WebDriver.</msg>
<arg>${browser_name}</arg>
<doc>Creates an instance of Selenium WebDriver.</doc>
<status status="PASS" start="2024-05-28T06:23:08.281547" elapsed="4.641026"/>
</kw>
<kw name="Go To" owner="SeleniumLibrary">
<msg time="2024-05-28T06:23:12.922573" level="INFO">Opening url 'https://demowebshop.tricentis.com/'</msg>
<arg>${url}</arg>
<doc>Navigates the current browser window to the provided ``url``.</doc>
<status status="PASS" start="2024-05-28T06:23:12.922573" elapsed="5.077556"/>
</kw>
<kw name="Maximize Browser Window" owner="SeleniumLibrary">
<doc>Maximizes current browser window.</doc>
<status status="PASS" start="2024-05-28T06:23:18.001495" elapsed="0.036248"/>
</kw>
<kw name="Set Selenium Implicit Wait" owner="SeleniumLibrary">
<arg>5</arg>
<doc>Sets the implicit wait value used by Selenium.</doc>
<status status="PASS" start="2024-05-28T06:23:18.037743" elapsed="0.003253"/>
</kw>
<status status="PASS" start="2024-05-28T06:23:08.281547" elapsed="9.759449"/>
</kw>
<kw name="click the appereal A to z" owner="ApparealResources">
<kw name="Click Link" owner="SeleniumLibrary">
<msg time="2024-05-28T06:23:18.040996" level="INFO">Clicking link 'css:a[href='/apparel-shoes']'.</msg>
<arg>${appereal}</arg>
<doc>Clicks a link identified by ``locator``.</doc>
<status status="PASS" start="2024-05-28T06:23:18.040996" elapsed="1.362340"/>
</kw>
<kw name="Select From List By Label" owner="SeleniumLibrary">
<msg time="2024-05-28T06:23:19.404170" level="INFO">Selecting options from selection list 'id:products-orderby' by label Name: A to Z.</msg>
<arg>id:products-orderby</arg>
<arg>Name: A to Z</arg>
<doc>Selects options from selection list ``locator`` by ``labels``.</doc>
<status status="PASS" start="2024-05-28T06:23:19.404170" elapsed="0.743466"/>
</kw>
<kw name="Select From List By Label" owner="SeleniumLibrary">
<msg time="2024-05-28T06:23:20.148355" level="INFO">Selecting options from selection list 'id:products-pagesize' by label 4.</msg>
<arg>id:products-pagesize</arg>
<arg>4</arg>
<doc>Selects options from selection list ``locator`` by ``labels``.</doc>
<status status="PASS" start="2024-05-28T06:23:20.148355" elapsed="0.753092"/>
</kw>
<kw name="Select From List By Label" owner="SeleniumLibrary">
<msg time="2024-05-28T06:23:20.903501" level="INFO">Selecting options from selection list 'id:products-viewmode' by label Grid.</msg>
<arg>id:products-viewmode</arg>
<arg>Grid</arg>
<doc>Selects options from selection list ``locator`` by ``labels``.</doc>
<status status="PASS" start="2024-05-28T06:23:20.903501" elapsed="0.075725"/>
</kw>
<kw name="Click Element" owner="SeleniumLibrary">
<msg time="2024-05-28T06:23:20.986591" level="INFO">Clicking element 'xpath=//h2[@class='product-title']'.</msg>
<arg>${click}</arg>
<doc>Click the element identified by ``locator``.</doc>
<status status="PASS" start="2024-05-28T06:23:20.979226" elapsed="2.879253"/>
</kw>
<kw name="Element Text Should Be" owner="SeleniumLibrary">
<msg time="2024-05-28T06:23:23.861680" level="INFO">Verifying element 'xpath=//div[@class='product-name']' contains exact text '50's Rockabilly Polka Dot Top JR Plus Size'.</msg>
<arg>${select_prod}</arg>
<arg>50's Rockabilly Polka Dot Top JR Plus Size</arg>
<doc>Verifies that element ``locator`` contains exact the text ``expected``.</doc>
<status status="PASS" start="2024-05-28T06:23:23.858479" elapsed="0.054847"/>
</kw>
<status status="PASS" start="2024-05-28T06:23:18.040996" elapsed="5.872330"/>
</kw>
<kw name="close browser session" owner="GenericResources" type="TEARDOWN">
<kw name="Close Browser" owner="SeleniumLibrary">
<doc>Closes the current browser.</doc>
<status status="PASS" start="2024-05-28T06:23:23.918968" elapsed="2.315471"/>
</kw>
<status status="PASS" start="2024-05-28T06:23:23.913326" elapsed="2.321113"/>
</kw>
<tag>smoke</tag>
<status status="PASS" start="2024-05-28T06:23:08.281547" elapsed="17.952892"/>
</test>
<test id="s1-s1-s1-t2" name="Verify the element of Z to A" line="14">
<kw name="open the browser" owner="GenericResources" type="SETUP">
<kw name="Create Webdriver" owner="SeleniumLibrary">
<msg time="2024-05-28T06:23:26.240478" level="INFO">Creating an instance of the Chrome WebDriver.</msg>
<arg>${browser_name}</arg>
<doc>Creates an instance of Selenium WebDriver.</doc>
<status status="PASS" start="2024-05-28T06:23:26.240478" elapsed="1.952450"/>
</kw>
<kw name="Go To" owner="SeleniumLibrary">
<msg time="2024-05-28T06:23:28.192928" level="INFO">Opening url 'https://demowebshop.tricentis.com/'</msg>
<arg>${url}</arg>
<doc>Navigates the current browser window to the provided ``url``.</doc>
<status status="PASS" start="2024-05-28T06:23:28.192928" elapsed="4.535049"/>
</kw>
<kw name="Maximize Browser Window" owner="SeleniumLibrary">
<doc>Maximizes current browser window.</doc>
<status status="PASS" start="2024-05-28T06:23:32.729436" elapsed="0.031161"/>
</kw>
<kw name="Set Selenium Implicit Wait" owner="SeleniumLibrary">
<arg>5</arg>
<doc>Sets the implicit wait value used by Selenium.</doc>
<status status="PASS" start="2024-05-28T06:23:32.764372" elapsed="0.001062"/>
</kw>
<status status="PASS" start="2024-05-28T06:23:26.239342" elapsed="6.527118"/>
</kw>
<kw name="click the appereal z to A" owner="ApparealResources">
<kw name="Click Link" owner="SeleniumLibrary">
<msg time="2024-05-28T06:23:32.766460" level="INFO">Clicking link 'css:a[href='/apparel-shoes']'.</msg>
<arg>${appereal}</arg>
<doc>Clicks a link identified by ``locator``.</doc>
<status status="PASS" start="2024-05-28T06:23:32.766460" elapsed="1.283149"/>
</kw>
<kw name="Select From List By Label" owner="SeleniumLibrary">
<msg time="2024-05-28T06:23:34.049609" level="INFO">Selecting options from selection list 'id:products-orderby' by label Name: Z to A.</msg>
<arg>id:products-orderby</arg>
<arg>Name: Z to A</arg>
<doc>Selects options from selection list ``locator`` by ``labels``.</doc>
<status status="PASS" start="2024-05-28T06:23:34.049609" elapsed="0.975070"/>
</kw>
<kw name="Select From List By Label" owner="SeleniumLibrary">
<msg time="2024-05-28T06:23:35.026931" level="INFO">Selecting options from selection list 'id:products-pagesize' by label 4.</msg>
<arg>id:products-pagesize</arg>
<arg>4</arg>
<doc>Selects options from selection list ``locator`` by ``labels``.</doc>
<status status="PASS" start="2024-05-28T06:23:35.024679" elapsed="0.840069"/>
</kw>
<kw name="Select From List By Label" owner="SeleniumLibrary">
<msg time="2024-05-28T06:23:35.864748" level="INFO">Selecting options from selection list 'id:products-viewmode' by label Grid.</msg>
<arg>id:products-viewmode</arg>
<arg>Grid</arg>
<doc>Selects options from selection list ``locator`` by ``labels``.</doc>
<status status="PASS" start="2024-05-28T06:23:35.864748" elapsed="0.077888"/>
</kw>
<kw name="Click Element" owner="SeleniumLibrary">
<msg time="2024-05-28T06:23:35.942636" level="INFO">Clicking element 'xpath=//h2[@class='product-title']'.</msg>
<arg>${click_Z to A}</arg>
<doc>Click the element identified by ``locator``.</doc>
<status status="PASS" start="2024-05-28T06:23:35.942636" elapsed="2.149619"/>
</kw>
<kw name="Element Text Should Be" owner="SeleniumLibrary">
<msg time="2024-05-28T06:23:38.095166" level="INFO">Verifying element 'css:div[class='product-name']' contains exact text 'Wool Hat'.</msg>
<arg>${check_pro}</arg>
<arg>Wool Hat</arg>
<doc>Verifies that element ``locator`` contains exact the text ``expected``.</doc>
<status status="PASS" start="2024-05-28T06:23:38.092255" elapsed="0.057255"/>
</kw>
<status status="PASS" start="2024-05-28T06:23:32.766460" elapsed="5.383050"/>
</kw>
<kw name="close browser session" owner="GenericResources" type="TEARDOWN">
<kw name="Close Browser" owner="SeleniumLibrary">
<doc>Closes the current browser.</doc>
<status status="PASS" start="2024-05-28T06:23:38.149510" elapsed="2.232812"/>
</kw>
<status status="PASS" start="2024-05-28T06:23:38.149510" elapsed="2.232812"/>
</kw>
<tag>smoke</tag>
<status status="PASS" start="2024-05-28T06:23:26.234439" elapsed="14.147883"/>
</test>
<test id="s1-s1-s1-t3" name="verify the element of low to high" line="18">
<kw name="open the browser" owner="GenericResources" type="SETUP">
<kw name="Create Webdriver" owner="SeleniumLibrary">
<msg time="2024-05-28T06:23:40.382322" level="INFO">Creating an instance of the Chrome WebDriver.</msg>
<arg>${browser_name}</arg>
<doc>Creates an instance of Selenium WebDriver.</doc>
<status status="PASS" start="2024-05-28T06:23:40.382322" elapsed="1.930002"/>
</kw>
<kw name="Go To" owner="SeleniumLibrary">
<msg time="2024-05-28T06:23:42.312324" level="INFO">Opening url 'https://demowebshop.tricentis.com/'</msg>
<arg>${url}</arg>
<doc>Navigates the current browser window to the provided ``url``.</doc>
<status status="PASS" start="2024-05-28T06:23:42.312324" elapsed="4.438026"/>
</kw>
<kw name="Maximize Browser Window" owner="SeleniumLibrary">
<doc>Maximizes current browser window.</doc>
<status status="PASS" start="2024-05-28T06:23:46.753784" elapsed="0.017461"/>
</kw>
<kw name="Set Selenium Implicit Wait" owner="SeleniumLibrary">
<arg>5</arg>
<doc>Sets the implicit wait value used by Selenium.</doc>
<status status="PASS" start="2024-05-28T06:23:46.771245" elapsed="0.007020"/>
</kw>
<status status="PASS" start="2024-05-28T06:23:40.382322" elapsed="6.395943"/>
</kw>
<kw name="click the appereal low to high" owner="ApparealResources">
<kw name="Click Link" owner="SeleniumLibrary">
<msg time="2024-05-28T06:23:46.779285" level="INFO">Clicking link 'css:a[href='/apparel-shoes']'.</msg>
<arg>${appereal}</arg>
<doc>Clicks a link identified by ``locator``.</doc>
<status status="PASS" start="2024-05-28T06:23:46.778265" elapsed="1.303195"/>
</kw>
<kw name="Select From List By Label" owner="SeleniumLibrary">
<msg time="2024-05-28T06:23:48.081460" level="INFO">Selecting options from selection list 'id:products-orderby' by label Price: Low to High.</msg>
<arg>id:products-orderby</arg>
<arg>Price: Low to High</arg>
<doc>Selects options from selection list ``locator`` by ``labels``.</doc>
<status status="PASS" start="2024-05-28T06:23:48.081460" elapsed="0.865298"/>
</kw>
<kw name="Select From List By Label" owner="SeleniumLibrary">
<msg time="2024-05-28T06:23:48.946758" level="INFO">Selecting options from selection list 'id:products-pagesize' by label 4.</msg>
<arg>id:products-pagesize</arg>
<arg>4</arg>
<doc>Selects options from selection list ``locator`` by ``labels``.</doc>
<status status="PASS" start="2024-05-28T06:23:48.946758" elapsed="0.842028"/>
</kw>
<kw name="Select From List By Label" owner="SeleniumLibrary">
<msg time="2024-05-28T06:23:49.790157" level="INFO">Selecting options from selection list 'id:products-viewmode' by label Grid.</msg>
<arg>id:products-viewmode</arg>
<arg>Grid</arg>
<doc>Selects options from selection list ``locator`` by ``labels``.</doc>
<status status="PASS" start="2024-05-28T06:23:49.788786" elapsed="0.100095"/>
</kw>
<kw name="Click Element" owner="SeleniumLibrary">
<msg time="2024-05-28T06:23:49.888881" level="INFO">Clicking element 'css:h2[class='product-title']'.</msg>
<arg>${price}</arg>
<doc>Click the element identified by ``locator``.</doc>
<status status="PASS" start="2024-05-28T06:23:49.888881" elapsed="2.337409"/>
</kw>
<kw name="Element Text Should Be" owner="SeleniumLibrary">
<msg time="2024-05-28T06:23:52.227411" level="INFO">Verifying element 'css:div.product-price' contains exact text '1.00'.</msg>
<arg>${pro_price}</arg>
<arg>1.00</arg>
<doc>Verifies that element ``locator`` contains exact the text ``expected``.</doc>
<status status="PASS" start="2024-05-28T06:23:52.227411" elapsed="0.061059"/>
</kw>
<status status="PASS" start="2024-05-28T06:23:46.778265" elapsed="5.510205"/>
</kw>
<kw name="close browser session" owner="GenericResources" type="TEARDOWN">
<kw name="Close Browser" owner="SeleniumLibrary">
<doc>Closes the current browser.</doc>
<status status="PASS" start="2024-05-28T06:23:52.288470" elapsed="3.224887"/>
</kw>
<status status="PASS" start="2024-05-28T06:23:52.288470" elapsed="3.224887"/>
</kw>
<tag>smoke</tag>
<status status="PASS" start="2024-05-28T06:23:40.382322" elapsed="15.131035"/>
</test>
<test id="s1-s1-s1-t4" name="verify the element of high to low" line="22">
<kw name="open the browser" owner="GenericResources" type="SETUP">
<kw name="Create Webdriver" owner="SeleniumLibrary">
<msg time="2024-05-28T06:23:55.513357" level="INFO">Creating an instance of the Chrome WebDriver.</msg>
<arg>${browser_name}</arg>
<doc>Creates an instance of Selenium WebDriver.</doc>
<status status="PASS" start="2024-05-28T06:23:55.513357" elapsed="1.864426"/>
</kw>
<kw name="Go To" owner="SeleniumLibrary">
<msg time="2024-05-28T06:23:57.377783" level="INFO">Opening url 'https://demowebshop.tricentis.com/'</msg>
<arg>${url}</arg>
<doc>Navigates the current browser window to the provided ``url``.</doc>
<status status="PASS" start="2024-05-28T06:23:57.377783" elapsed="3.941858"/>
</kw>
<kw name="Maximize Browser Window" owner="SeleniumLibrary">
<doc>Maximizes current browser window.</doc>
<status status="PASS" start="2024-05-28T06:24:01.323202" elapsed="0.049877"/>
</kw>
<kw name="Set Selenium Implicit Wait" owner="SeleniumLibrary">
<arg>5</arg>
<doc>Sets the implicit wait value used by Selenium.</doc>
<status status="PASS" start="2024-05-28T06:24:01.373079" elapsed="0.000000"/>
</kw>
<status status="PASS" start="2024-05-28T06:23:55.513357" elapsed="5.859722"/>
</kw>
<kw name="click the appereal high to low" owner="ApparealResources">
<kw name="Click Link" owner="SeleniumLibrary">
<msg time="2024-05-28T06:24:01.373079" level="INFO">Clicking link 'css:a[href='/apparel-shoes']'.</msg>
<arg>${appereal}</arg>
<doc>Clicks a link identified by ``locator``.</doc>
<status status="PASS" start="2024-05-28T06:24:01.373079" elapsed="1.453019"/>
</kw>
<kw name="Select From List By Label" owner="SeleniumLibrary">
<msg time="2024-05-28T06:24:02.826098" level="INFO">Selecting options from selection list 'id:products-orderby' by label Price: High to Low.</msg>
<arg>id:products-orderby</arg>
<arg>Price: High to Low</arg>
<doc>Selects options from selection list ``locator`` by ``labels``.</doc>
<status status="PASS" start="2024-05-28T06:24:02.826098" elapsed="1.180597"/>
</kw>
<kw name="Select From List By Label" owner="SeleniumLibrary">
<msg time="2024-05-28T06:24:04.008014" level="INFO">Selecting options from selection list 'id:products-pagesize' by label 4.</msg>
<arg>id:products-pagesize</arg>
<arg>4</arg>
<doc>Selects options from selection list ``locator`` by ``labels``.</doc>
<status status="PASS" start="2024-05-28T06:24:04.006695" elapsed="0.932101"/>
</kw>
<kw name="Select From List By Label" owner="SeleniumLibrary">
<msg time="2024-05-28T06:24:04.940601" level="INFO">Selecting options from selection list 'id:products-viewmode' by label List.</msg>
<arg>id:products-viewmode</arg>
<arg>List</arg>
<doc>Selects options from selection list ``locator`` by ``labels``.</doc>
<status status="PASS" start="2024-05-28T06:24:04.939652" elapsed="0.911891"/>
</kw>
<kw name="Click Element" owner="SeleniumLibrary">
<msg time="2024-05-28T06:24:05.851543" level="INFO">Clicking element 'xpath=//h2[@class='product-title']'.</msg>
<arg>${first_price}</arg>
<doc>Click the element identified by ``locator``.</doc>
<status status="PASS" start="2024-05-28T06:24:05.851543" elapsed="2.141508"/>
</kw>
<kw name="Element Text Should Be" owner="SeleniumLibrary">
<msg time="2024-05-28T06:24:07.995559" level="INFO">Verifying element 'css:div[class='product-price']' contains exact text '40.00'.</msg>
<arg>${ass_price}</arg>
<arg>40.00</arg>
<doc>Verifies that element ``locator`` contains exact the text ``expected``.</doc>
<status status="PASS" start="2024-05-28T06:24:07.993051" elapsed="0.074142"/>
</kw>
<status status="PASS" start="2024-05-28T06:24:01.373079" elapsed="6.694114"/>
</kw>
<kw name="close browser session" owner="GenericResources" type="TEARDOWN">
<kw name="Close Browser" owner="SeleniumLibrary">
<doc>Closes the current browser.</doc>
<status status="PASS" start="2024-05-28T06:24:08.067193" elapsed="2.220435"/>
</kw>
<status status="PASS" start="2024-05-28T06:24:08.067193" elapsed="2.220435"/>
</kw>
<tag>smoke</tag>
<status status="PASS" start="2024-05-28T06:23:55.513357" elapsed="14.774271"/>
</test>
<test id="s1-s1-s1-t5" name="verify the element of created on" line="26">
<kw name="open the browser" owner="GenericResources" type="SETUP">
<kw name="Create Webdriver" owner="SeleniumLibrary">
<msg time="2024-05-28T06:24:10.287628" level="INFO">Creating an instance of the Chrome WebDriver.</msg>
<arg>${browser_name}</arg>
<doc>Creates an instance of Selenium WebDriver.</doc>
<status status="PASS" start="2024-05-28T06:24:10.287628" elapsed="1.849910"/>
</kw>
<kw name="Go To" owner="SeleniumLibrary">
<msg time="2024-05-28T06:24:12.137538" level="INFO">Opening url 'https://demowebshop.tricentis.com/'</msg>
<arg>${url}</arg>
<doc>Navigates the current browser window to the provided ``url``.</doc>
<status status="PASS" start="2024-05-28T06:24:12.137538" elapsed="3.711218"/>
</kw>
<kw name="Maximize Browser Window" owner="SeleniumLibrary">
<doc>Maximizes current browser window.</doc>
<status status="PASS" start="2024-05-28T06:24:15.848756" elapsed="0.033304"/>
</kw>
<kw name="Set Selenium Implicit Wait" owner="SeleniumLibrary">
<arg>5</arg>
<doc>Sets the implicit wait value used by Selenium.</doc>
<status status="PASS" start="2024-05-28T06:24:15.882060" elapsed="0.000000"/>
</kw>
<status status="PASS" start="2024-05-28T06:24:10.287628" elapsed="5.594432"/>
</kw>
<kw name="click the appereal created on" owner="ApparealResources">
<kw name="Click Link" owner="SeleniumLibrary">
<msg time="2024-05-28T06:24:15.887211" level="INFO">Clicking link 'css:a[href='/apparel-shoes']'.</msg>
<arg>${appereal}</arg>
<doc>Clicks a link identified by ``locator``.</doc>
<status status="PASS" start="2024-05-28T06:24:15.886339" elapsed="1.559825"/>
</kw>
<kw name="Select From List By Label" owner="SeleniumLibrary">
<msg time="2024-05-28T06:24:17.446164" level="INFO">Selecting options from selection list 'id:products-orderby' by label Created on.</msg>
<arg>id:products-orderby</arg>
<arg>Created on</arg>
<doc>Selects options from selection list ``locator`` by ``labels``.</doc>
<status status="PASS" start="2024-05-28T06:24:17.446164" elapsed="0.922564"/>
</kw>
<kw name="Select From List By Label" owner="SeleniumLibrary">
<msg time="2024-05-28T06:24:18.373242" level="INFO">Selecting options from selection list 'id:products-pagesize' by label 4.</msg>
<arg>id:products-pagesize</arg>
<arg>4</arg>
<doc>Selects options from selection list ``locator`` by ``labels``.</doc>
<status status="PASS" start="2024-05-28T06:24:18.372527" elapsed="0.742302"/>
</kw>
<kw name="Select From List By Label" owner="SeleniumLibrary">
<msg time="2024-05-28T06:24:19.114829" level="INFO">Selecting options from selection list 'id:products-viewmode' by label Grid.</msg>
<arg>id:products-viewmode</arg>
<arg>Grid</arg>
<doc>Selects options from selection list ``locator`` by ``labels``.</doc>
<status status="PASS" start="2024-05-28T06:24:19.114829" elapsed="0.076069"/>
</kw>
<kw name="Click Element" owner="SeleniumLibrary">
<msg time="2024-05-28T06:24:19.190898" level="INFO">Clicking element 'xpath=//h2[@class='product-title']'.</msg>
<arg>${create}</arg>
<doc>Click the element identified by ``locator``.</doc>
<status status="PASS" start="2024-05-28T06:24:19.190898" elapsed="2.010918"/>
</kw>
<kw name="Log To Console" owner="BuiltIn">
<arg>${ass_create}</arg>
<doc>Logs the given message to the console.</doc>
<status status="PASS" start="2024-05-28T06:24:21.201816" elapsed="0.001782"/>
</kw>
<kw name="Element Text Should Be" owner="SeleniumLibrary">
<msg time="2024-05-28T06:24:21.203598" level="INFO">Verifying element 'xpath=//div[@class='product-name']' contains exact text 'Green and blue Sneaker'.</msg>
<arg>${ass_create}</arg>
<arg>Green and blue Sneaker</arg>
<doc>Verifies that element ``locator`` contains exact the text ``expected``.</doc>
<status status="PASS" start="2024-05-28T06:24:21.203598" elapsed="0.056789"/>
</kw>
<status status="PASS" start="2024-05-28T06:24:15.882060" elapsed="5.378327"/>
</kw>
<kw name="close browser session" owner="GenericResources" type="TEARDOWN">
<kw name="Close Browser" owner="SeleniumLibrary">
<doc>Closes the current browser.</doc>
<status status="PASS" start="2024-05-28T06:24:21.260387" elapsed="2.238715"/>
</kw>
<status status="PASS" start="2024-05-28T06:24:21.260387" elapsed="2.238715"/>
</kw>
<tag>smoke</tag>
<status status="PASS" start="2024-05-28T06:24:10.287628" elapsed="13.211474"/>
</test>
<doc>Test the sort values in the page</doc>
<status status="PASS" start="2024-05-28T06:23:07.703478" elapsed="75.795624"/>
</suite>
<suite id="s1-s1-s2" name="Test contact" source="C:\Roshini_Demo\TestCase\Test_contact.robot">
<test id="s1-s1-s2-t1" name="Click the facebook link" line="10">
<kw name="open the browser" owner="GenericResources" type="SETUP">
<kw name="Create Webdriver" owner="SeleniumLibrary">
<msg time="2024-05-28T06:24:23.520637" level="INFO">Creating an instance of the Chrome WebDriver.</msg>
<arg>${browser_name}</arg>
<doc>Creates an instance of Selenium WebDriver.</doc>
<status status="PASS" start="2024-05-28T06:24:23.520637" elapsed="1.903391"/>
</kw>
<kw name="Go To" owner="SeleniumLibrary">
<msg time="2024-05-28T06:24:25.424028" level="INFO">Opening url 'https://demowebshop.tricentis.com/'</msg>
<arg>${url}</arg>
<doc>Navigates the current browser window to the provided ``url``.</doc>
<status status="PASS" start="2024-05-28T06:24:25.424028" elapsed="4.147351"/>
</kw>
<kw name="Maximize Browser Window" owner="SeleniumLibrary">
<doc>Maximizes current browser window.</doc>
<status status="PASS" start="2024-05-28T06:24:29.571379" elapsed="0.038682"/>
</kw>
<kw name="Set Selenium Implicit Wait" owner="SeleniumLibrary">
<arg>5</arg>
<doc>Sets the implicit wait value used by Selenium.</doc>
<status status="PASS" start="2024-05-28T06:24:29.610061" elapsed="0.000000"/>
</kw>
<status status="PASS" start="2024-05-28T06:24:23.520637" elapsed="6.089424"/>
</kw>
<kw name="click for the facebook" owner="ContactResources">
<kw name="Click Link" owner="SeleniumLibrary">
<msg time="2024-05-28T06:24:29.610061" level="INFO">Clicking link 'xpath=//a[text()='Facebook']'.</msg>
<arg>${facebook}</arg>
<doc>Clicks a link identified by ``locator``.</doc>
<status status="PASS" start="2024-05-28T06:24:29.610061" elapsed="0.107403"/>
</kw>
<status status="PASS" start="2024-05-28T06:24:29.610061" elapsed="0.107403"/>
</kw>
<kw name="Switch Window" owner="SeleniumLibrary">
<arg>new</arg>
<doc>Switches to browser window matching ``locator``.</doc>
<status status="PASS" start="2024-05-28T06:24:29.717464" elapsed="0.011656"/>
</kw>
<kw name="close browser session" owner="GenericResources" type="TEARDOWN">
<kw name="Close Browser" owner="SeleniumLibrary">
<doc>Closes the current browser.</doc>
<status status="PASS" start="2024-05-28T06:24:29.729120" elapsed="2.204584"/>
</kw>
<status status="PASS" start="2024-05-28T06:24:29.729120" elapsed="2.204875"/>
</kw>
<tag>regression</tag>
<status status="PASS" start="2024-05-28T06:24:23.519942" elapsed="8.414053"/>
</test>
<test id="s1-s1-s2-t2" name="Click the twitter link" line="15">
<kw name="open the browser" owner="GenericResources" type="SETUP">
<kw name="Create Webdriver" owner="SeleniumLibrary">
<msg time="2024-05-28T06:24:31.938681" level="INFO">Creating an instance of the Chrome WebDriver.</msg>
<arg>${browser_name}</arg>
<doc>Creates an instance of Selenium WebDriver.</doc>
<status status="PASS" start="2024-05-28T06:24:31.934436" elapsed="1.907166"/>
</kw>
<kw name="Go To" owner="SeleniumLibrary">
<msg time="2024-05-28T06:24:33.841602" level="INFO">Opening url 'https://demowebshop.tricentis.com/'</msg>
<arg>${url}</arg>
<doc>Navigates the current browser window to the provided ``url``.</doc>
<status status="PASS" start="2024-05-28T06:24:33.841602" elapsed="4.066795"/>
</kw>
<kw name="Maximize Browser Window" owner="SeleniumLibrary">
<doc>Maximizes current browser window.</doc>
<status status="PASS" start="2024-05-28T06:24:37.908397" elapsed="0.036013"/>
</kw>
<kw name="Set Selenium Implicit Wait" owner="SeleniumLibrary">
<arg>5</arg>
<doc>Sets the implicit wait value used by Selenium.</doc>
<status status="PASS" start="2024-05-28T06:24:37.944410" elapsed="0.000000"/>
</kw>
<status status="PASS" start="2024-05-28T06:24:31.934436" elapsed="6.009974"/>
</kw>
<kw name="click for the twitter" owner="ContactResources">
<kw name="Click Link" owner="SeleniumLibrary">
<msg time="2024-05-28T06:24:37.944410" level="INFO">Clicking link 'xpath=//a[text()='Twitter']'.</msg>
<arg>${twitter}</arg>
<doc>Clicks a link identified by ``locator``.</doc>
<status status="PASS" start="2024-05-28T06:24:37.944410" elapsed="0.112366"/>
</kw>
<status status="PASS" start="2024-05-28T06:24:37.944410" elapsed="0.112366"/>
</kw>
<kw name="Switch Window" owner="SeleniumLibrary">
<arg>new</arg>
<doc>Switches to browser window matching ``locator``.</doc>
<status status="PASS" start="2024-05-28T06:24:38.056776" elapsed="0.008693"/>
</kw>
<kw name="close browser session" owner="GenericResources" type="TEARDOWN">
<kw name="Close Browser" owner="SeleniumLibrary">
<doc>Closes the current browser.</doc>
<status status="PASS" start="2024-05-28T06:24:38.065469" elapsed="2.210240"/>
</kw>
<status status="PASS" start="2024-05-28T06:24:38.065469" elapsed="2.210240"/>
</kw>
<tag>regression</tag>
<status status="PASS" start="2024-05-28T06:24:31.934436" elapsed="8.341273"/>
</test>
<test id="s1-s1-s2-t3" name="Click the Rss link" line="20">
<kw name="open the browser" owner="GenericResources" type="SETUP">
<kw name="Create Webdriver" owner="SeleniumLibrary">
<msg time="2024-05-28T06:24:40.275709" level="INFO">Creating an instance of the Chrome WebDriver.</msg>
<arg>${browser_name}</arg>
<doc>Creates an instance of Selenium WebDriver.</doc>
<status status="PASS" start="2024-05-28T06:24:40.275709" elapsed="1.916850"/>
</kw>
<kw name="Go To" owner="SeleniumLibrary">
<msg time="2024-05-28T06:24:42.192559" level="INFO">Opening url 'https://demowebshop.tricentis.com/'</msg>
<arg>${url}</arg>
<doc>Navigates the current browser window to the provided ``url``.</doc>
<status status="PASS" start="2024-05-28T06:24:42.192559" elapsed="5.014088"/>
</kw>
<kw name="Maximize Browser Window" owner="SeleniumLibrary">
<doc>Maximizes current browser window.</doc>
<status status="PASS" start="2024-05-28T06:24:47.207648" elapsed="0.035716"/>
</kw>
<kw name="Set Selenium Implicit Wait" owner="SeleniumLibrary">
<arg>5</arg>
<doc>Sets the implicit wait value used by Selenium.</doc>
<status status="PASS" start="2024-05-28T06:24:47.243364" elapsed="0.002493"/>
</kw>
<status status="PASS" start="2024-05-28T06:24:40.275709" elapsed="6.970148"/>
</kw>
<kw name="click for the rss" owner="ContactResources">
<kw name="Click Link" owner="SeleniumLibrary">
<msg time="2024-05-28T06:24:47.248867" level="INFO">Clicking link 'xpath=//a[text()='RSS']'.</msg>
<arg>${rss}</arg>
<doc>Clicks a link identified by ``locator``.</doc>
<status status="PASS" start="2024-05-28T06:24:47.245857" elapsed="0.514329"/>
</kw>
<status status="PASS" start="2024-05-28T06:24:47.245857" elapsed="0.514329"/>
</kw>
<kw name="close browser session" owner="GenericResources" type="TEARDOWN">
<kw name="Close Browser" owner="SeleniumLibrary">
<doc>Closes the current browser.</doc>
<status status="PASS" start="2024-05-28T06:24:47.760186" elapsed="2.195695"/>
</kw>
<status status="PASS" start="2024-05-28T06:24:47.760186" elapsed="2.195695"/>
</kw>
<tag>regression</tag>
<status status="PASS" start="2024-05-28T06:24:40.275709" elapsed="9.680172"/>
</test>
<test id="s1-s1-s2-t4" name="Click the youtube link" line="24">
<kw name="open the browser" owner="GenericResources" type="SETUP">
<kw name="Create Webdriver" owner="SeleniumLibrary">
<msg time="2024-05-28T06:24:49.955881" level="INFO">Creating an instance of the Chrome WebDriver.</msg>
<arg>${browser_name}</arg>
<doc>Creates an instance of Selenium WebDriver.</doc>
<status status="PASS" start="2024-05-28T06:24:49.955881" elapsed="1.893265"/>
</kw>
<kw name="Go To" owner="SeleniumLibrary">
<msg time="2024-05-28T06:24:51.849146" level="INFO">Opening url 'https://demowebshop.tricentis.com/'</msg>
<arg>${url}</arg>
<doc>Navigates the current browser window to the provided ``url``.</doc>
<status status="PASS" start="2024-05-28T06:24:51.849146" elapsed="1.320252"/>
</kw>
<kw name="Maximize Browser Window" owner="SeleniumLibrary">
<doc>Maximizes current browser window.</doc>
<status status="PASS" start="2024-05-28T06:24:53.169398" elapsed="2.800571"/>
</kw>
<kw name="Set Selenium Implicit Wait" owner="SeleniumLibrary">
<arg>5</arg>
<doc>Sets the implicit wait value used by Selenium.</doc>
<status status="PASS" start="2024-05-28T06:24:55.969969" elapsed="0.001512"/>
</kw>
<status status="PASS" start="2024-05-28T06:24:49.955881" elapsed="6.015600"/>
</kw>
<kw name="click for the youtube" owner="ContactResources">
<kw name="Click Link" owner="SeleniumLibrary">
<msg time="2024-05-28T06:24:55.971481" level="INFO">Clicking link 'xpath=//a[text()='YouTube']'.</msg>
<arg>${youtube}</arg>
<doc>Clicks a link identified by ``locator``.</doc>
<status status="PASS" start="2024-05-28T06:24:55.971481" elapsed="0.127891"/>
</kw>
<status status="PASS" start="2024-05-28T06:24:55.971481" elapsed="0.127891"/>
</kw>
<kw name="Switch Window" owner="SeleniumLibrary">
<arg>new</arg>
<doc>Switches to browser window matching ``locator``.</doc>
<status status="PASS" start="2024-05-28T06:24:56.100144" elapsed="0.009259"/>
</kw>
<kw name="close browser session" owner="GenericResources" type="TEARDOWN">
<kw name="Close Browser" owner="SeleniumLibrary">
<doc>Closes the current browser.</doc>
<status status="PASS" start="2024-05-28T06:24:56.109403" elapsed="2.193502"/>
</kw>
<status status="PASS" start="2024-05-28T06:24:56.109403" elapsed="2.193502"/>
</kw>
<tag>regression</tag>
<status status="PASS" start="2024-05-28T06:24:49.955881" elapsed="8.347024"/>
</test>
<test id="s1-s1-s2-t5" name="Click the google link" line="29">
<kw name="open the browser" owner="GenericResources" type="SETUP">
<kw name="Create Webdriver" owner="SeleniumLibrary">
<msg time="2024-05-28T06:24:58.302905" level="INFO">Creating an instance of the Chrome WebDriver.</msg>
<arg>${browser_name}</arg>
<doc>Creates an instance of Selenium WebDriver.</doc>
<status status="PASS" start="2024-05-28T06:24:58.302905" elapsed="2.015733"/>
</kw>
<kw name="Go To" owner="SeleniumLibrary">
<msg time="2024-05-28T06:25:00.318638" level="INFO">Opening url 'https://demowebshop.tricentis.com/'</msg>
<arg>${url}</arg>
<doc>Navigates the current browser window to the provided ``url``.</doc>
<status status="PASS" start="2024-05-28T06:25:00.318638" elapsed="4.351599"/>
</kw>
<kw name="Maximize Browser Window" owner="SeleniumLibrary">
<doc>Maximizes current browser window.</doc>
<status status="PASS" start="2024-05-28T06:25:04.670237" elapsed="0.059712"/>
</kw>
<kw name="Set Selenium Implicit Wait" owner="SeleniumLibrary">
<arg>5</arg>
<doc>Sets the implicit wait value used by Selenium.</doc>
<status status="PASS" start="2024-05-28T06:25:04.729949" elapsed="0.001004"/>
</kw>
<status status="PASS" start="2024-05-28T06:24:58.302905" elapsed="6.428048"/>
</kw>
<kw name="click for the google" owner="ContactResources">
<kw name="Click Link" owner="SeleniumLibrary">
<msg time="2024-05-28T06:25:04.730953" level="INFO">Clicking link 'xpath=//a[text()='Google+']'.</msg>
<arg>${google}</arg>
<doc>Clicks a link identified by ``locator``.</doc>
<status status="PASS" start="2024-05-28T06:25:04.730953" elapsed="0.113408"/>
</kw>
<status status="PASS" start="2024-05-28T06:25:04.730953" elapsed="0.113408"/>
</kw>
<kw name="Switch Window" owner="SeleniumLibrary">
<arg>new</arg>
<doc>Switches to browser window matching ``locator``.</doc>
<status status="PASS" start="2024-05-28T06:25:04.844361" elapsed="0.010109"/>
</kw>
<kw name="close browser session" owner="GenericResources" type="TEARDOWN">
<kw name="Close Browser" owner="SeleniumLibrary">
<doc>Closes the current browser.</doc>
<status status="PASS" start="2024-05-28T06:25:04.854470" elapsed="2.217573"/>
</kw>
<status status="PASS" start="2024-05-28T06:25:04.854470" elapsed="2.217918"/>
</kw>
<tag>regression</tag>
<status status="PASS" start="2024-05-28T06:24:58.302905" elapsed="8.769483"/>
</test>
<doc>Test the link available in the page</doc>
<status status="PASS" start="2024-05-28T06:24:23.499102" elapsed="43.573286"/>
</suite>
<suite id="s1-s1-s3" name="Test Forgotpass" source="C:\Roshini_Demo\TestCase\Test_Forgotpass.robot">
<test id="s1-s1-s3-t1" name="Forgot password for email" line="17">
<kw name="open the browser" owner="GenericResources" type="SETUP">
<kw name="Create Webdriver" owner="SeleniumLibrary">
<msg time="2024-05-28T06:25:09.987856" level="INFO">Creating an instance of the Chrome WebDriver.</msg>
<arg>${browser_name}</arg>
<doc>Creates an instance of Selenium WebDriver.</doc>
<status status="PASS" start="2024-05-28T06:25:09.987856" elapsed="2.108625"/>
</kw>
<kw name="Go To" owner="SeleniumLibrary">
<msg time="2024-05-28T06:25:12.096481" level="INFO">Opening url 'https://demowebshop.tricentis.com/'</msg>
<arg>${url}</arg>
<doc>Navigates the current browser window to the provided ``url``.</doc>
<status status="PASS" start="2024-05-28T06:25:12.096481" elapsed="4.184836"/>
</kw>
<kw name="Maximize Browser Window" owner="SeleniumLibrary">
<doc>Maximizes current browser window.</doc>
<status status="PASS" start="2024-05-28T06:25:16.281317" elapsed="0.030614"/>
</kw>
<kw name="Set Selenium Implicit Wait" owner="SeleniumLibrary">
<arg>5</arg>
<doc>Sets the implicit wait value used by Selenium.</doc>
<status status="PASS" start="2024-05-28T06:25:16.311931" elapsed="0.000000"/>
</kw>
<status status="PASS" start="2024-05-28T06:25:09.987856" elapsed="6.324075"/>
</kw>
<kw name="Forgot password">
<kw name=" Click the Login element" owner="LoginResources">
<kw name="Click Element" owner="SeleniumLibrary">
<msg time="2024-05-28T06:25:16.311931" level="INFO">Clicking element 'xpath=//a[text()='Log in']'.</msg>
<arg>${login}</arg>
<doc>Click the element identified by ``locator``.</doc>
<status status="PASS" start="2024-05-28T06:25:16.311931" elapsed="1.180302"/>
</kw>
<status status="PASS" start="2024-05-28T06:25:16.311931" elapsed="1.180302"/>
</kw>
<kw name=" Fill the email" owner="LoginResources">
<kw name="Input Text" owner="SeleniumLibrary">
<msg time="2024-05-28T06:25:17.492233" level="INFO">Typing text 'j.k.rose1@gmail.com' into text field 'xpath=//input[@class='email']'.</msg>
<arg>${email}</arg>
<arg>${username}</arg>
<doc>Types the given ``text`` into the text field identified by ``locator``.</doc>
<status status="PASS" start="2024-05-28T06:25:17.492233" elapsed="0.149660"/>
</kw>
<arg>${username}</arg>
<status status="PASS" start="2024-05-28T06:25:17.492233" elapsed="0.149660"/>
</kw>
<kw name=" Click Forgot password" owner="LoginResources">
<kw name="Click Element" owner="SeleniumLibrary">
<msg time="2024-05-28T06:25:17.641893" level="INFO">Clicking element 'xpath=//a[text()='Forgot password?']'.</msg>
<arg>${forgot_pass}</arg>
<doc>Click the element identified by ``locator``.</doc>
<status status="PASS" start="2024-05-28T06:25:17.641893" elapsed="0.570629"/>
</kw>
<status status="PASS" start="2024-05-28T06:25:17.641893" elapsed="0.570629"/>
</kw>
<kw name=" Enter the mail" owner="LoginResources">
<kw name="Input Text" owner="SeleniumLibrary">
<msg time="2024-05-28T06:25:18.213623" level="INFO">Typing text 'j.k.rose1@gmail.com' into text field 'xpath=//input[@class='email']'.</msg>
<arg>${for_email}</arg>
<arg>${username}</arg>
<doc>Types the given ``text`` into the text field identified by ``locator``.</doc>
<status status="PASS" start="2024-05-28T06:25:18.213623" elapsed="0.098818"/>
</kw>
<arg>${username}</arg>
<status status="PASS" start="2024-05-28T06:25:18.212522" elapsed="0.099919"/>
</kw>
<kw name=" Click the recover button" owner="LoginResources">
<kw name="Click Element" owner="SeleniumLibrary">
<msg time="2024-05-28T06:25:18.312441" level="INFO">Clicking element 'xpath=//input[@class='button-1 password-recovery-button']'.</msg>
<arg>${recover}</arg>
<doc>Click the element identified by ``locator``.</doc>
<status status="PASS" start="2024-05-28T06:25:18.312441" elapsed="0.530308"/>
</kw>
<status status="PASS" start="2024-05-28T06:25:18.312441" elapsed="0.530308"/>
</kw>
<kw name=" check for forgot success message" owner="LoginResources">
<kw name="Element Text Should Be" owner="SeleniumLibrary">
<msg time="2024-05-28T06:25:18.842749" level="INFO">Verifying element 'xpath=//div[@class='result']' contains exact text 'Email with instructions has been sent to you.'.</msg>
<arg>${for_sucess}</arg>
<arg>Email with instructions has been sent to you.</arg>
<doc>Verifies that element ``locator`` contains exact the text ``expected``.</doc>
<status status="PASS" start="2024-05-28T06:25:18.842749" elapsed="0.199791"/>
</kw>
<status status="PASS" start="2024-05-28T06:25:18.842749" elapsed="0.199791"/>
</kw>
<arg>username=j.k.rose1@gmail.com</arg>
<status status="PASS" start="2024-05-28T06:25:16.311931" elapsed="2.730609"/>
</kw>
<kw name="close browser session" owner="GenericResources" type="TEARDOWN">
<kw name="Close Browser" owner="SeleniumLibrary">
<doc>Closes the current browser.</doc>
<status status="PASS" start="2024-05-28T06:25:19.042540" elapsed="2.225305"/>
</kw>
<status status="PASS" start="2024-05-28T06:25:19.042540" elapsed="2.225305"/>
</kw>
<status status="PASS" start="2024-05-28T06:25:09.987856" elapsed="11.279989"/>
</test>
<doc>Test the Valid information to the login page</doc>
<status status="PASS" start="2024-05-28T06:25:07.072388" elapsed="14.195457"/>
</suite>
<suite id="s1-s1-s4" name="Test InvalidLogin" source="C:\Roshini_Demo\TestCase\Test_InvalidLogin.robot">
<test id="s1-s1-s4-t1" name="Invalid Login test" line="16">
<kw name="open the browser" owner="GenericResources" type="SETUP">
<kw name="Create Webdriver" owner="SeleniumLibrary">
<msg time="2024-05-28T06:25:21.355045" level="INFO">Creating an instance of the Chrome WebDriver.</msg>
<arg>${browser_name}</arg>
<doc>Creates an instance of Selenium WebDriver.</doc>
<status status="PASS" start="2024-05-28T06:25:21.355045" elapsed="1.976260"/>
</kw>
<kw name="Go To" owner="SeleniumLibrary">
<msg time="2024-05-28T06:25:23.331305" level="INFO">Opening url 'https://demowebshop.tricentis.com/'</msg>
<arg>${url}</arg>
<doc>Navigates the current browser window to the provided ``url``.</doc>
<status status="PASS" start="2024-05-28T06:25:23.331305" elapsed="4.063851"/>
</kw>
<kw name="Maximize Browser Window" owner="SeleniumLibrary">
<doc>Maximizes current browser window.</doc>
<status status="PASS" start="2024-05-28T06:25:27.395156" elapsed="0.036997"/>
</kw>
<kw name="Set Selenium Implicit Wait" owner="SeleniumLibrary">
<arg>5</arg>
<doc>Sets the implicit wait value used by Selenium.</doc>
<status status="PASS" start="2024-05-28T06:25:27.432153" elapsed="0.000000"/>
</kw>
<status status="PASS" start="2024-05-28T06:25:21.355045" elapsed="6.077108"/>
</kw>
<kw name="InvalidLogin test template">
<kw name=" Click the Login element" owner="LoginResources">
<kw name="Click Element" owner="SeleniumLibrary">
<msg time="2024-05-28T06:25:27.432153" level="INFO">Clicking element 'xpath=//a[text()='Log in']'.</msg>
<arg>${login}</arg>
<doc>Click the element identified by ``locator``.</doc>
<status status="PASS" start="2024-05-28T06:25:27.432153" elapsed="0.597675"/>
</kw>
<status status="PASS" start="2024-05-28T06:25:27.432153" elapsed="0.597675"/>
</kw>
<kw name=" Fill the Login Form" owner="LoginResources">
<kw name="Input Text" owner="SeleniumLibrary">
<msg time="2024-05-28T06:25:28.029828" level="INFO">Typing text 'jkrose1@gmail.com' into text field 'xpath=//input[@class='email']'.</msg>
<arg>${email}</arg>
<arg>${username}</arg>
<doc>Types the given ``text`` into the text field identified by ``locator``.</doc>
<status status="PASS" start="2024-05-28T06:25:28.029828" elapsed="0.142323"/>
</kw>
<kw name="Input Text" owner="SeleniumLibrary">
<msg time="2024-05-28T06:25:28.172151" level="INFO">Typing text 'ros' into text field 'xpath=//input[@class='password']'.</msg>
<arg>${passwords}</arg>
<arg>${password}</arg>
<doc>Types the given ``text`` into the text field identified by ``locator``.</doc>
<status status="PASS" start="2024-05-28T06:25:28.172151" elapsed="0.103126"/>
</kw>
<arg>${username}</arg>
<arg>${password}</arg>
<status status="PASS" start="2024-05-28T06:25:28.029828" elapsed="0.245449"/>
</kw>
<kw name=" Click the login button" owner="LoginResources">
<kw name="Click Element" owner="SeleniumLibrary">
<msg time="2024-05-28T06:25:28.275277" level="INFO">Clicking element 'xpath=//input[@class='button-1 login-button']'.</msg>
<arg>${login_btn}</arg>
<doc>Click the element identified by ``locator``.</doc>
<status status="PASS" start="2024-05-28T06:25:28.275277" elapsed="0.469575"/>
</kw>
<status status="PASS" start="2024-05-28T06:25:28.275277" elapsed="0.469575"/>
</kw>
<kw name=" Check for the Invalid msg" owner="LoginResources">
<kw name="Element Text Should Be" owner="SeleniumLibrary">
<msg time="2024-05-28T06:25:28.747859" level="INFO">Verifying element 'xpath=//div[@class='message-error']' contains exact text 'Login was unsuccessful. Please correct the errors and try again.
No customer account found'.</msg>
<arg>${invalid_msg}</arg>
<arg>${invalids_msg}</arg>
<doc>Verifies that element ``locator`` contains exact the text ``expected``.</doc>
<status status="PASS" start="2024-05-28T06:25:28.744852" elapsed="0.177789"/>
</kw>
<status status="PASS" start="2024-05-28T06:25:28.744852" elapsed="0.177789"/>
</kw>
<arg>username=jkrose1@gmail.com</arg>
<arg>password=ros</arg>
<status status="PASS" start="2024-05-28T06:25:27.432153" elapsed="1.490488"/>
</kw>
<kw name="close browser session" owner="GenericResources" type="TEARDOWN">
<kw name="Close Browser" owner="SeleniumLibrary">
<doc>Closes the current browser.</doc>
<status status="PASS" start="2024-05-28T06:25:28.922641" elapsed="2.220817"/>
</kw>
<status status="PASS" start="2024-05-28T06:25:28.922641" elapsed="2.220817"/>
</kw>
<status status="PASS" start="2024-05-28T06:25:21.352300" elapsed="9.791158"/>
</test>
<test id="s1-s1-s4-t2" name="Invalid Login test" line="16">
<kw name="open the browser" owner="GenericResources" type="SETUP">
<kw name="Create Webdriver" owner="SeleniumLibrary">
<msg time="2024-05-28T06:25:31.146824" level="INFO">Creating an instance of the Chrome WebDriver.</msg>
<arg>${browser_name}</arg>
<doc>Creates an instance of Selenium WebDriver.</doc>
<status status="PASS" start="2024-05-28T06:25:31.146824" elapsed="1.974701"/>
</kw>
<kw name="Go To" owner="SeleniumLibrary">
<msg time="2024-05-28T06:25:33.123510" level="INFO">Opening url 'https://demowebshop.tricentis.com/'</msg>
<arg>${url}</arg>
<doc>Navigates the current browser window to the provided ``url``.</doc>
<status status="PASS" start="2024-05-28T06:25:33.121525" elapsed="4.252595"/>
</kw>
<kw name="Maximize Browser Window" owner="SeleniumLibrary">
<doc>Maximizes current browser window.</doc>
<status status="PASS" start="2024-05-28T06:25:37.374120" elapsed="0.035282"/>
</kw>
<kw name="Set Selenium Implicit Wait" owner="SeleniumLibrary">
<arg>5</arg>
<doc>Sets the implicit wait value used by Selenium.</doc>
<status status="PASS" start="2024-05-28T06:25:37.409402" elapsed="0.000000"/>
</kw>
<status status="PASS" start="2024-05-28T06:25:31.143458" elapsed="6.265944"/>
</kw>
<kw name="InvalidLogin test template">
<kw name=" Click the Login element" owner="LoginResources">
<kw name="Click Element" owner="SeleniumLibrary">
<msg time="2024-05-28T06:25:37.409402" level="INFO">Clicking element 'xpath=//a[text()='Log in']'.</msg>
<arg>${login}</arg>
<doc>Click the element identified by ``locator``.</doc>
<status status="PASS" start="2024-05-28T06:25:37.409402" elapsed="0.660644"/>
</kw>
<status status="PASS" start="2024-05-28T06:25:37.409402" elapsed="0.660644"/>
</kw>
<kw name=" Fill the Login Form" owner="LoginResources">
<kw name="Input Text" owner="SeleniumLibrary">
<msg time="2024-05-28T06:25:38.075518" level="INFO">Typing text 'jkrose@gmail.com' into text field 'xpath=//input[@class='email']'.</msg>
<arg>${email}</arg>
<arg>${username}</arg>
<doc>Types the given ``text`` into the text field identified by ``locator``.</doc>
<status status="PASS" start="2024-05-28T06:25:38.070046" elapsed="0.122337"/>
</kw>
<kw name="Input Text" owner="SeleniumLibrary">
<msg time="2024-05-28T06:25:38.192383" level="INFO">Typing text 'roshini' into text field 'xpath=//input[@class='password']'.</msg>
<arg>${passwords}</arg>
<arg>${password}</arg>
<doc>Types the given ``text`` into the text field identified by ``locator``.</doc>
<status status="PASS" start="2024-05-28T06:25:38.192383" elapsed="0.099785"/>
</kw>
<arg>${username}</arg>
<arg>${password}</arg>
<status status="PASS" start="2024-05-28T06:25:38.070046" elapsed="0.222122"/>
</kw>
<kw name=" Click the login button" owner="LoginResources">
<kw name="Click Element" owner="SeleniumLibrary">
<msg time="2024-05-28T06:25:38.292168" level="INFO">Clicking element 'xpath=//input[@class='button-1 login-button']'.</msg>
<arg>${login_btn}</arg>
<doc>Click the element identified by ``locator``.</doc>
<status status="PASS" start="2024-05-28T06:25:38.292168" elapsed="0.449265"/>
</kw>
<status status="PASS" start="2024-05-28T06:25:38.292168" elapsed="0.449265"/>
</kw>
<kw name=" Check for the Invalid msg" owner="LoginResources">
<kw name="Element Text Should Be" owner="SeleniumLibrary">
<msg time="2024-05-28T06:25:38.742496" level="INFO">Verifying element 'xpath=//div[@class='message-error']' contains exact text 'Login was unsuccessful. Please correct the errors and try again.
No customer account found'.</msg>
<arg>${invalid_msg}</arg>
<arg>${invalids_msg}</arg>
<doc>Verifies that element ``locator`` contains exact the text ``expected``.</doc>
<status status="PASS" start="2024-05-28T06:25:38.742496" elapsed="0.126910"/>
</kw>
<status status="PASS" start="2024-05-28T06:25:38.741969" elapsed="0.127437"/>
</kw>
<arg>username=jkrose@gmail.com</arg>
<arg>password=roshini</arg>
<status status="PASS" start="2024-05-28T06:25:37.409402" elapsed="1.460004"/>
</kw>
<kw name="close browser session" owner="GenericResources" type="TEARDOWN">
<kw name="Close Browser" owner="SeleniumLibrary">
<doc>Closes the current browser.</doc>
<status status="PASS" start="2024-05-28T06:25:38.869406" elapsed="2.206564"/>
</kw>
<status status="PASS" start="2024-05-28T06:25:38.869406" elapsed="2.207127"/>
</kw>
<status status="PASS" start="2024-05-28T06:25:31.143458" elapsed="9.933493"/>
</test>
<test id="s1-s1-s4-t3" name="Invalid Login test" line="16">
<kw name="open the browser" owner="GenericResources" type="SETUP">
<kw name="Create Webdriver" owner="SeleniumLibrary">
<msg time="2024-05-28T06:25:41.081496" level="INFO">Creating an instance of the Chrome WebDriver.</msg>
<arg>${browser_name}</arg>
<doc>Creates an instance of Selenium WebDriver.</doc>
<status status="PASS" start="2024-05-28T06:25:41.076951" elapsed="3.091426"/>
</kw>
<kw name="Go To" owner="SeleniumLibrary">
<msg time="2024-05-28T06:25:44.168377" level="INFO">Opening url 'https://demowebshop.tricentis.com/'</msg>
<arg>${url}</arg>
<doc>Navigates the current browser window to the provided ``url``.</doc>
<status status="PASS" start="2024-05-28T06:25:44.168377" elapsed="3.680293"/>
</kw>
<kw name="Maximize Browser Window" owner="SeleniumLibrary">
<doc>Maximizes current browser window.</doc>
<status status="PASS" start="2024-05-28T06:25:47.848670" elapsed="0.037451"/>
</kw>
<kw name="Set Selenium Implicit Wait" owner="SeleniumLibrary">
<arg>5</arg>
<doc>Sets the implicit wait value used by Selenium.</doc>
<status status="PASS" start="2024-05-28T06:25:47.886121" elapsed="0.000000"/>
</kw>
<status status="PASS" start="2024-05-28T06:25:41.076951" elapsed="6.809170"/>
</kw>
<kw name="InvalidLogin test template">
<kw name=" Click the Login element" owner="LoginResources">
<kw name="Click Element" owner="SeleniumLibrary">
<msg time="2024-05-28T06:25:47.886121" level="INFO">Clicking element 'xpath=//a[text()='Log in']'.</msg>
<arg>${login}</arg>
<doc>Click the element identified by ``locator``.</doc>
<status status="PASS" start="2024-05-28T06:25:47.886121" elapsed="0.670867"/>
</kw>
<status status="PASS" start="2024-05-28T06:25:47.886121" elapsed="0.670867"/>
</kw>
<kw name=" Fill the Login Form" owner="LoginResources">
<kw name="Input Text" owner="SeleniumLibrary">
<msg time="2024-05-28T06:25:48.556988" level="INFO">Typing text '' into text field 'xpath=//input[@class='email']'.</msg>
<arg>${email}</arg>
<arg>${username}</arg>
<doc>Types the given ``text`` into the text field identified by ``locator``.</doc>
<status status="PASS" start="2024-05-28T06:25:48.556988" elapsed="0.129840"/>
</kw>
<kw name="Input Text" owner="SeleniumLibrary">
<msg time="2024-05-28T06:25:48.686828" level="INFO">Typing text '' into text field 'xpath=//input[@class='password']'.</msg>
<arg>${passwords}</arg>
<arg>${password}</arg>
<doc>Types the given ``text`` into the text field identified by ``locator``.</doc>
<status status="PASS" start="2024-05-28T06:25:48.686828" elapsed="0.118627"/>
</kw>
<arg>${username}</arg>
<arg>${password}</arg>
<status status="PASS" start="2024-05-28T06:25:48.556988" elapsed="0.248467"/>
</kw>
<kw name=" Click the login button" owner="LoginResources">
<kw name="Click Element" owner="SeleniumLibrary">
<msg time="2024-05-28T06:25:48.805455" level="INFO">Clicking element 'xpath=//input[@class='button-1 login-button']'.</msg>
<arg>${login_btn}</arg>
<doc>Click the element identified by ``locator``.</doc>
<status status="PASS" start="2024-05-28T06:25:48.805455" elapsed="0.445426"/>
</kw>
<status status="PASS" start="2024-05-28T06:25:48.805455" elapsed="0.445426"/>
</kw>
<kw name=" Check for the Invalid msg" owner="LoginResources">
<kw name="Element Text Should Be" owner="SeleniumLibrary">
<msg time="2024-05-28T06:25:49.254433" level="INFO">Verifying element 'xpath=//div[@class='message-error']' contains exact text 'Login was unsuccessful. Please correct the errors and try again.
No customer account found'.</msg>
<arg>${invalid_msg}</arg>
<arg>${invalids_msg}</arg>
<doc>Verifies that element ``locator`` contains exact the text ``expected``.</doc>
<status status="PASS" start="2024-05-28T06:25:49.253210" elapsed="0.189977"/>
</kw>
<status status="PASS" start="2024-05-28T06:25:49.250881" elapsed="0.192306"/>
</kw>
<arg>username=</arg>
<arg>password=</arg>
<status status="PASS" start="2024-05-28T06:25:47.886121" elapsed="1.557066"/>
</kw>
<kw name="close browser session" owner="GenericResources" type="TEARDOWN">
<kw name="Close Browser" owner="SeleniumLibrary">
<doc>Closes the current browser.</doc>
<status status="PASS" start="2024-05-28T06:25:49.443187" elapsed="2.229528"/>
</kw>
<status status="PASS" start="2024-05-28T06:25:49.443187" elapsed="2.229528"/>
</kw>
<status status="PASS" start="2024-05-28T06:25:41.076951" elapsed="10.596453"/>
</test>
<test id="s1-s1-s4-t4" name="Invalid Login test" line="16">
<kw name="open the browser" owner="GenericResources" type="SETUP">
<kw name="Create Webdriver" owner="SeleniumLibrary">
<msg time="2024-05-28T06:25:51.678484" level="INFO">Creating an instance of the Chrome WebDriver.</msg>
<arg>${browser_name}</arg>
<doc>Creates an instance of Selenium WebDriver.</doc>
<status status="PASS" start="2024-05-28T06:25:51.678484" elapsed="2.025348"/>
</kw>
<kw name="Go To" owner="SeleniumLibrary">
<msg time="2024-05-28T06:25:53.705432" level="INFO">Opening url 'https://demowebshop.tricentis.com/'</msg>
<arg>${url}</arg>
<doc>Navigates the current browser window to the provided ``url``.</doc>
<status status="PASS" start="2024-05-28T06:25:53.705310" elapsed="4.609894"/>
</kw>
<kw name="Maximize Browser Window" owner="SeleniumLibrary">
<doc>Maximizes current browser window.</doc>
<status status="PASS" start="2024-05-28T06:25:58.315204" elapsed="0.054292"/>
</kw>
<kw name="Set Selenium Implicit Wait" owner="SeleniumLibrary">
<arg>5</arg>
<doc>Sets the implicit wait value used by Selenium.</doc>
<status status="PASS" start="2024-05-28T06:25:58.369496" elapsed="0.002066"/>
</kw>
<status status="PASS" start="2024-05-28T06:25:51.675709" elapsed="6.695853"/>
</kw>
<kw name="InvalidLogin test template">
<kw name=" Click the Login element" owner="LoginResources">
<kw name="Click Element" owner="SeleniumLibrary">
<msg time="2024-05-28T06:25:58.375570" level="INFO">Clicking element 'xpath=//a[text()='Log in']'.</msg>
<arg>${login}</arg>
<doc>Click the element identified by ``locator``.</doc>
<status status="PASS" start="2024-05-28T06:25:58.375570" elapsed="0.825292"/>
</kw>
<status status="PASS" start="2024-05-28T06:25:58.375570" elapsed="0.825292"/>
</kw>
<kw name=" Fill the Login Form" owner="LoginResources">
<kw name="Input Text" owner="SeleniumLibrary">
<msg time="2024-05-28T06:25:59.200862" level="INFO">Typing text 'jkrose@gmail.com' into text field 'xpath=//input[@class='email']'.</msg>
<arg>${email}</arg>
<arg>${username}</arg>
<doc>Types the given ``text`` into the text field identified by ``locator``.</doc>
<status status="PASS" start="2024-05-28T06:25:59.200862" elapsed="0.145805"/>
</kw>
<kw name="Input Text" owner="SeleniumLibrary">
<msg time="2024-05-28T06:25:59.354700" level="INFO">Typing text 'roses' into text field 'xpath=//input[@class='password']'.</msg>
<arg>${passwords}</arg>
<arg>${password}</arg>
<doc>Types the given ``text`` into the text field identified by ``locator``.</doc>
<status status="PASS" start="2024-05-28T06:25:59.346667" elapsed="0.114031"/>
</kw>
<arg>${username}</arg>
<arg>${password}</arg>
<status status="PASS" start="2024-05-28T06:25:59.200862" elapsed="0.259836"/>
</kw>
<kw name=" Click the login button" owner="LoginResources">
<kw name="Click Element" owner="SeleniumLibrary">
<msg time="2024-05-28T06:25:59.460698" level="INFO">Clicking element 'xpath=//input[@class='button-1 login-button']'.</msg>
<arg>${login_btn}</arg>
<doc>Click the element identified by ``locator``.</doc>
<status status="PASS" start="2024-05-28T06:25:59.460698" elapsed="0.437982"/>
</kw>
<status status="PASS" start="2024-05-28T06:25:59.460698" elapsed="0.439566"/>
</kw>
<kw name=" Check for the Invalid msg" owner="LoginResources">
<kw name="Element Text Should Be" owner="SeleniumLibrary">
<msg time="2024-05-28T06:25:59.901143" level="INFO">Verifying element 'xpath=//div[@class='message-error']' contains exact text 'Login was unsuccessful. Please correct the errors and try again.
No customer account found'.</msg>
<arg>${invalid_msg}</arg>
<arg>${invalids_msg}</arg>
<doc>Verifies that element ``locator`` contains exact the text ``expected``.</doc>
<status status="PASS" start="2024-05-28T06:25:59.901143" elapsed="0.210262"/>
</kw>
<status status="PASS" start="2024-05-28T06:25:59.900264" elapsed="0.211141"/>
</kw>
<arg>username=jkrose@gmail.com</arg>
<arg>password=roses</arg>
<status status="PASS" start="2024-05-28T06:25:58.371562" elapsed="1.739843"/>
</kw>
<kw name="close browser session" owner="GenericResources" type="TEARDOWN">
<kw name="Close Browser" owner="SeleniumLibrary">
<doc>Closes the current browser.</doc>
<status status="PASS" start="2024-05-28T06:26:00.111405" elapsed="2.190203"/>
</kw>
<status status="PASS" start="2024-05-28T06:26:00.111405" elapsed="2.190203"/>
</kw>
<status status="PASS" start="2024-05-28T06:25:51.673909" elapsed="10.629212"/>
</test>
<doc>Test the invalid credentials to the login page</doc>
<status status="PASS" start="2024-05-28T06:25:21.273566" elapsed="41.030238"/>
</suite>
<suite id="s1-s1-s5" name="Test Register Invalid" source="C:\Roshini_Demo\TestCase\Test_Register_Invalid.robot">
<test id="s1-s1-s5-t1" name="Register fields" line="20">
<kw name="open the browser" owner="GenericResources" type="SETUP">
<kw name="Create Webdriver" owner="SeleniumLibrary">
<msg time="2024-05-28T06:26:02.408558" level="INFO">Creating an instance of the Chrome WebDriver.</msg>
<arg>${browser_name}</arg>
<doc>Creates an instance of Selenium WebDriver.</doc>
<status status="PASS" start="2024-05-28T06:26:02.408558" elapsed="1.883596"/>
</kw>
<kw name="Go To" owner="SeleniumLibrary">
<msg time="2024-05-28T06:26:04.297362" level="INFO">Opening url 'https://demowebshop.tricentis.com/'</msg>
<arg>${url}</arg>
<doc>Navigates the current browser window to the provided ``url``.</doc>
<status status="PASS" start="2024-05-28T06:26:04.297362" elapsed="1.766587"/>
</kw>
<kw name="Maximize Browser Window" owner="SeleniumLibrary">
<doc>Maximizes current browser window.</doc>
<status status="PASS" start="2024-05-28T06:26:06.063949" elapsed="2.627032"/>
</kw>
<kw name="Set Selenium Implicit Wait" owner="SeleniumLibrary">
<arg>5</arg>
<doc>Sets the implicit wait value used by Selenium.</doc>
<status status="PASS" start="2024-05-28T06:26:08.691527" elapsed="0.001362"/>
</kw>
<status status="PASS" start="2024-05-28T06:26:02.408558" elapsed="6.284331"/>
</kw>
<kw name="Register for invalid value">
<kw name="click the register list" owner="RegisterResources">
<kw name="Click Element" owner="SeleniumLibrary">
<msg time="2024-05-28T06:26:08.692889" level="INFO">Clicking element 'xpath=//a[text()='Register']'.</msg>
<arg>${register_click}</arg>
<doc>Click the element identified by ``locator``.</doc>
<status status="PASS" start="2024-05-28T06:26:08.692889" elapsed="0.845512"/>
</kw>
<status status="PASS" start="2024-05-28T06:26:08.692889" elapsed="0.845512"/>
</kw>
<kw name="Select the female radiobutton" owner="RegisterResources">
<kw name="Select Radio Button" owner="SeleniumLibrary">
<msg time="2024-05-28T06:26:09.538401" level="INFO">Selecting 'F' from radio button 'Gender'.</msg>
<arg>Gender</arg>
<arg>F</arg>
<doc>Sets the radio button group ``group_name`` to ``value``.</doc>
<status status="PASS" start="2024-05-28T06:26:09.538401" elapsed="0.119004"/>
</kw>
<status status="PASS" start="2024-05-28T06:26:09.538401" elapsed="0.122498"/>
</kw>
<kw name="Empty of first name" owner="RegisterResources">
<kw name="Input Text" owner="SeleniumLibrary">
<msg time="2024-05-28T06:26:09.660899" level="INFO">Typing text 'JK' into text field 'xpath=(//input[@class='text-box single-line'])[2]'.</msg>
<arg>${lastname_L}</arg>
<arg>${lastname}</arg>
<doc>Types the given ``text`` into the text field identified by ``locator``.</doc>
<status status="PASS" start="2024-05-28T06:26:09.660899" elapsed="0.117008"/>
</kw>
<kw name="Input Text" owner="SeleniumLibrary">
<msg time="2024-05-28T06:26:09.777907" level="INFO">Typing text 'john@gmail.com' into text field 'css=input#Email'.</msg>
<arg>${emails}</arg>
<arg>${email}</arg>
<doc>Types the given ``text`` into the text field identified by ``locator``.</doc>
<status status="PASS" start="2024-05-28T06:26:09.777907" elapsed="0.098931"/>
</kw>
<kw name="Input Text" owner="SeleniumLibrary">
<msg time="2024-05-28T06:26:09.876838" level="INFO">Typing text 'sivakami' into text field 'css=input#Password'.</msg>
<arg>${password}</arg>
<arg>${passw}</arg>
<doc>Types the given ``text`` into the text field identified by ``locator``.</doc>
<status status="PASS" start="2024-05-28T06:26:09.876838" elapsed="0.094137"/>
</kw>
<kw name="Input Text" owner="SeleniumLibrary">
<msg time="2024-05-28T06:26:09.970975" level="INFO">Typing text 'sivakami' into text field 'xpath=(//input[@type='password'])[2]'.</msg>
<arg>${con_pass}</arg>
<arg>${confir_pass}</arg>
<doc>Types the given ``text`` into the text field identified by ``locator``.</doc>
<status status="PASS" start="2024-05-28T06:26:09.970975" elapsed="0.087272"/>
</kw>
<arg>${lastname}</arg>
<arg>${email}</arg>
<arg>${passw}</arg>
<arg>${confirm_pass}</arg>
<status status="PASS" start="2024-05-28T06:26:09.660899" elapsed="0.397348"/>
</kw>
<kw name="Click the register button" owner="RegisterResources">
<kw name="Click Element" owner="SeleniumLibrary">
<msg time="2024-05-28T06:26:10.058247" level="INFO">Clicking element 'css=input#register-button'.</msg>
<arg>${register_btn}</arg>
<doc>Click the element identified by ``locator``.</doc>
<status status="PASS" start="2024-05-28T06:26:10.058247" elapsed="0.067687"/>
</kw>
<status status="PASS" start="2024-05-28T06:26:10.058247" elapsed="0.068137"/>
</kw>
<kw name="check for the invalid msg" owner="RegisterResources">
<kw name="Element Text Should Be" owner="SeleniumLibrary">
<msg time="2024-05-28T06:26:10.127162" level="INFO">Verifying element 'xpath=//span[text()='First name is required.']' contains exact text 'First name is required.'.</msg>
<arg>${invalid_msg}</arg>
<arg>First name is required.</arg>
<doc>Verifies that element ``locator`` contains exact the text ``expected``.</doc>
<status status="PASS" start="2024-05-28T06:26:10.126384" elapsed="0.029174"/>
</kw>
<status status="PASS" start="2024-05-28T06:26:10.126384" elapsed="0.029174"/>
</kw>
<arg>lastname=JK</arg>
<arg>email=john@gmail.com</arg>
<arg>passw=sivakami</arg>
<arg>confirm_pass=sivakami</arg>
<status status="PASS" start="2024-05-28T06:26:08.692889" elapsed="1.462669"/>
</kw>
<kw name="close browser session" owner="GenericResources" type="TEARDOWN">
<kw name="Close Browser" owner="SeleniumLibrary">
<doc>Closes the current browser.</doc>
<status status="PASS" start="2024-05-28T06:26:10.155558" elapsed="2.210831"/>
</kw>
<status status="PASS" start="2024-05-28T06:26:10.155558" elapsed="2.210831"/>
</kw>
<status status="PASS" start="2024-05-28T06:26:02.408558" elapsed="9.958359"/>
</test>
<doc>Test the invalid credentials to the login page</doc>
<status status="PASS" start="2024-05-28T06:26:02.306014" elapsed="10.060903"/>
</suite>
<suite id="s1-s1-s6" name="Test ValidLogin" source="C:\Roshini_Demo\TestCase\Test_ValidLogin.robot">
<test id="s1-s1-s6-t1" name="Login test template" line="17">
<kw name="open the browser" owner="GenericResources" type="SETUP">
<kw name="Create Webdriver" owner="SeleniumLibrary">
<msg time="2024-05-28T06:26:12.416933" level="INFO">Creating an instance of the Chrome WebDriver.</msg>
<arg>${browser_name}</arg>
<doc>Creates an instance of Selenium WebDriver.</doc>
<status status="PASS" start="2024-05-28T06:26:12.416933" elapsed="1.792897"/>
</kw>
<kw name="Go To" owner="SeleniumLibrary">
<msg time="2024-05-28T06:26:14.209830" level="INFO">Opening url 'https://demowebshop.tricentis.com/'</msg>
<arg>${url}</arg>
<doc>Navigates the current browser window to the provided ``url``.</doc>
<status status="PASS" start="2024-05-28T06:26:14.209830" elapsed="4.558451"/>
</kw>
<kw name="Maximize Browser Window" owner="SeleniumLibrary">
<doc>Maximizes current browser window.</doc>
<status status="PASS" start="2024-05-28T06:26:18.768281" elapsed="0.035503"/>
</kw>
<kw name="Set Selenium Implicit Wait" owner="SeleniumLibrary">
<arg>5</arg>
<doc>Sets the implicit wait value used by Selenium.</doc>
<status status="PASS" start="2024-05-28T06:26:18.803784" elapsed="0.001002"/>
</kw>
<status status="PASS" start="2024-05-28T06:26:12.416933" elapsed="6.389197"/>
</kw>
<kw name="Login postive testcase1">
<kw name=" Click the Login element" owner="LoginResources">
<kw name="Click Element" owner="SeleniumLibrary">
<msg time="2024-05-28T06:26:18.806659" level="INFO">Clicking element 'xpath=//a[text()='Log in']'.</msg>
<arg>${login}</arg>
<doc>Click the element identified by ``locator``.</doc>
<status status="PASS" start="2024-05-28T06:26:18.806659" elapsed="0.777324"/>
</kw>
<status status="PASS" start="2024-05-28T06:26:18.806659" elapsed="0.777324"/>
</kw>
<kw name=" Fill the Login Form" owner="LoginResources">
<kw name="Input Text" owner="SeleniumLibrary">
<msg time="2024-05-28T06:26:19.583983" level="INFO">Typing text 'j.k.rose1@gmail.com' into text field 'xpath=//input[@class='email']'.</msg>
<arg>${email}</arg>
<arg>${username}</arg>
<doc>Types the given ``text`` into the text field identified by ``locator``.</doc>
<status status="PASS" start="2024-05-28T06:26:19.583983" elapsed="0.119223"/>
</kw>
<kw name="Input Text" owner="SeleniumLibrary">
<msg time="2024-05-28T06:26:19.711484" level="INFO">Typing text 'roshini' into text field 'xpath=//input[@class='password']'.</msg>
<arg>${passwords}</arg>
<arg>${password}</arg>
<doc>Types the given ``text`` into the text field identified by ``locator``.</doc>
<status status="PASS" start="2024-05-28T06:26:19.711484" elapsed="0.142378"/>
</kw>
<arg>${username}</arg>
<arg>${password}</arg>
<status status="PASS" start="2024-05-28T06:26:19.583983" elapsed="0.269879"/>
</kw>
<kw name=" Click the login button" owner="LoginResources">
<kw name="Click Element" owner="SeleniumLibrary">
<msg time="2024-05-28T06:26:19.853862" level="INFO">Clicking element 'xpath=//input[@class='button-1 login-button']'.</msg>
<arg>${login_btn}</arg>
<doc>Click the element identified by ``locator``.</doc>
<status status="PASS" start="2024-05-28T06:26:19.853862" elapsed="1.101695"/>
</kw>
<status status="PASS" start="2024-05-28T06:26:19.853862" elapsed="1.101695"/>
</kw>
<kw name=" Check the login page message" owner="LoginResources">
<kw name="Element Text Should Be" owner="SeleniumLibrary">
<msg time="2024-05-28T06:26:20.957062" level="INFO">Verifying element 'xpath=//a[text()='j.k.rose1@gmail.com']' contains exact text 'j.k.rose1@gmail.com'.</msg>
<arg>${login_msg}</arg>
<arg>${username}</arg>
<doc>Verifies that element ``locator`` contains exact the text ``expected``.</doc>
<status status="PASS" start="2024-05-28T06:26:20.955557" elapsed="0.044345"/>
</kw>
<arg>${username}</arg>
<status status="PASS" start="2024-05-28T06:26:20.955557" elapsed="0.044345"/>
</kw>
<arg>username=j.k.rose1@gmail.com</arg>
<arg>password=roshini</arg>
<status status="PASS" start="2024-05-28T06:26:18.806130" elapsed="2.193772"/>
</kw>
<kw name="close browser session" owner="GenericResources" type="TEARDOWN">
<kw name="Close Browser" owner="SeleniumLibrary">
<doc>Closes the current browser.</doc>
<status status="PASS" start="2024-05-28T06:26:21.000980" elapsed="2.322056"/>
</kw>
<status status="PASS" start="2024-05-28T06:26:21.000980" elapsed="2.322056"/>
</kw>
<status status="PASS" start="2024-05-28T06:26:12.416933" elapsed="10.906103"/>
</test>
<doc>Test the Valid information to the login page</doc>
<status status="PASS" start="2024-05-28T06:26:12.366917" elapsed="10.956119"/>
</suite>
<status status="PASS" start="2024-05-28T06:23:07.703478" elapsed="195.619558"/>
</suite>
<status status="PASS" start="2024-05-28T06:23:07.669380" elapsed="195.653656"/>
</suite>
<statistics>
<total>
<stat pass="17" fail="0" skip="0">All Tests</stat>
</total>
<tag>
<stat pass="5" fail="0" skip="0">regression</stat>
<stat pass="5" fail="0" skip="0">smoke</stat>
</tag>
<suite>
<stat pass="17" fail="0" skip="0" id="s1" name="Roshini Demo">Roshini Demo</stat>
<stat pass="17" fail="0" skip="0" id="s1-s1" name="TestCase">Roshini Demo.TestCase</stat>
<stat pass="5" fail="0" skip="0" id="s1-s1-s1" name="Test Appeal">Roshini Demo.TestCase.Test Appeal</stat>
<stat pass="5" fail="0" skip="0" id="s1-s1-s2" name="Test contact">Roshini Demo.TestCase.Test contact</stat>
<stat pass="1" fail="0" skip="0" id="s1-s1-s3" name="Test Forgotpass">Roshini Demo.TestCase.Test Forgotpass</stat>
<stat pass="4" fail="0" skip="0" id="s1-s1-s4" name="Test InvalidLogin">Roshini Demo.TestCase.Test InvalidLogin</stat>
<stat pass="1" fail="0" skip="0" id="s1-s1-s5" name="Test Register Invalid">Roshini Demo.TestCase.Test Register Invalid</stat>
<stat pass="1" fail="0" skip="0" id="s1-s1-s6" name="Test ValidLogin">Roshini Demo.TestCase.Test ValidLogin</stat>
</suite>
</statistics>
<errors>
<msg time="2024-05-28T06:25:31.143458" level="WARN">Multiple tests with name 'Invalid Login test' executed in suite 'Roshini Demo.TestCase.Test InvalidLogin'.</msg>
<msg time="2024-05-28T06:25:41.076951" level="WARN">Multiple tests with name 'Invalid Login test' executed in suite 'Roshini Demo.TestCase.Test InvalidLogin'.</msg>
<msg time="2024-05-28T06:25:51.673909" level="WARN">Multiple tests with name 'Invalid Login test' executed in suite 'Roshini Demo.TestCase.Test InvalidLogin'.</msg>
</errors>
</robot>
