<?xml version="1.0" encoding="UTF-8"?>
<robot generator="Robot 7.0 (Python 3.12.2 on win32)" generated="2024-05-28T07:04:44.270283" rpa="false" schemaversion="5">
<suite id="s1" name="Test ValidLogin" source="C:\Roshini_Demo\TestCase\Test_ValidLogin.robot">
<test id="s1-t1" name="Login test template" line="17">
<kw name="open the browser" owner="GenericResources" type="SETUP">
<kw name="Create Webdriver" owner="SeleniumLibrary">
<msg time="2024-05-28T07:04:45.580226" level="INFO">Creating an instance of the Chrome WebDriver.</msg>
<arg>${browser_name}</arg>
<doc>Creates an instance of Selenium WebDriver.</doc>
<status status="PASS" start="2024-05-28T07:04:45.580226" elapsed="1.903981"/>
</kw>
<kw name="Go To" owner="SeleniumLibrary">
<msg time="2024-05-28T07:04:47.484780" level="INFO">Opening url 'https://demowebshop.tricentis.com/'</msg>
<arg>${url}</arg>
<doc>Navigates the current browser window to the provided ``url``.</doc>
<status status="PASS" start="2024-05-28T07:04:47.484207" elapsed="4.495035"/>
</kw>
<kw name="Maximize Browser Window" owner="SeleniumLibrary">
<doc>Maximizes current browser window.</doc>
<status status="PASS" start="2024-05-28T07:04:51.979242" elapsed="0.074828"/>
</kw>
<kw name="Set Selenium Implicit Wait" owner="SeleniumLibrary">
<arg>5</arg>
<doc>Sets the implicit wait value used by Selenium.</doc>
<status status="PASS" start="2024-05-28T07:04:52.054070" elapsed="0.001672"/>
</kw>
<status status="PASS" start="2024-05-28T07:04:45.580226" elapsed="6.476510"/>
</kw>
<kw name="Login postive testcase1">
<kw name=" Click the Login element" owner="LoginResources">
<kw name="Click Element" owner="SeleniumLibrary">
<msg time="2024-05-28T07:04:52.060041" level="INFO">Clicking element 'xpath=//a[text()='Log in']'.</msg>
<arg>${login}</arg>
<doc>Click the element identified by ``locator``.</doc>
<status status="PASS" start="2024-05-28T07:04:52.059031" elapsed="0.806272"/>
</kw>
<status status="PASS" start="2024-05-28T07:04:52.056736" elapsed="0.808567"/>
</kw>
<kw name=" Fill the Login Form" owner="LoginResources">
<kw name="Input Text" owner="SeleniumLibrary">
<msg time="2024-05-28T07:04:52.865303" level="INFO">Typing text 'j.k.rose1@gmail.com' into text field 'xpath=//input[@class='email']'.</msg>
<arg>${email}</arg>
<arg>${username}</arg>
<doc>Types the given ``text`` into the text field identified by ``locator``.</doc>
<status status="PASS" start="2024-05-28T07:04:52.865303" elapsed="0.119049"/>
</kw>
<kw name="Input Text" owner="SeleniumLibrary">
<msg time="2024-05-28T07:04:52.984352" level="INFO">Typing text 'roshini' into text field 'xpath=//input[@class='password']'.</msg>
<arg>${passwords}</arg>
<arg>${password}</arg>
<doc>Types the given ``text`` into the text field identified by ``locator``.</doc>
<status status="PASS" start="2024-05-28T07:04:52.984352" elapsed="0.085122"/>
</kw>
<arg>${username}</arg>
<arg>${password}</arg>
<status status="PASS" start="2024-05-28T07:04:52.865303" elapsed="0.204171"/>
</kw>
<kw name=" Click the login button" owner="LoginResources">
<kw name="Click Element" owner="SeleniumLibrary">
<msg time="2024-05-28T07:04:53.072522" level="INFO">Clicking element 'xpath=//input[@class='button-1 login-button']'.</msg>
<arg>${login_btn}</arg>
<doc>Click the element identified by ``locator``.</doc>
<status status="PASS" start="2024-05-28T07:04:53.072522" elapsed="1.212480"/>
</kw>
<status status="PASS" start="2024-05-28T07:04:53.071392" elapsed="1.213610"/>
</kw>
<kw name=" Check the login page message" owner="LoginResources">
<kw name="Element Text Should Be" owner="SeleniumLibrary">
<msg time="2024-05-28T07:04:54.290783" level="INFO">Verifying element 'xpath=//a[text()='j.k.rose1@gmail.com']' contains exact text 'j.k.rose1@gmail.com'.</msg>
<arg>${login_msg}</arg>
<arg>${username}</arg>
<doc>Verifies that element ``locator`` contains exact the text ``expected``.</doc>
<status status="PASS" start="2024-05-28T07:04:54.290153" elapsed="0.046738"/>
</kw>
<arg>${username}</arg>
<status status="PASS" start="2024-05-28T07:04:54.285002" elapsed="0.053265"/>
</kw>
<arg>username=j.k.rose1@gmail.com</arg>
<arg>password=roshini</arg>
<status status="PASS" start="2024-05-28T07:04:52.056736" elapsed="2.281531"/>
</kw>
<kw name="close browser session" owner="GenericResources" type="TEARDOWN">
<kw name="Close Browser" owner="SeleniumLibrary">
<doc>Closes the current browser.</doc>
<status status="PASS" start="2024-05-28T07:04:54.344023" elapsed="2.238609"/>
</kw>
<status status="PASS" start="2024-05-28T07:04:54.342058" elapsed="2.240574"/>
</kw>
<status status="PASS" start="2024-05-28T07:04:45.580226" elapsed="11.002406"/>
</test>
<doc>Test the Valid information to the login page</doc>
<status status="PASS" start="2024-05-28T07:04:44.275415" elapsed="12.307217"/>
</suite>
<statistics>
<total>
<stat pass="1" fail="0" skip="0">All Tests</stat>
</total>
<tag>
</tag>
<suite>
<stat pass="1" fail="0" skip="0" id="s1" name="Test ValidLogin">Test ValidLogin</stat>
</suite>
</statistics>
<errors>
</errors>
</robot>
