<?xml version="1.0" encoding="UTF-8"?>
<robot generator="Robot 7.0 (Python 3.12.2 on win32)" generated="2024-05-27T16:39:50.119841" rpa="false" schemaversion="5">
<suite id="s1" name="Test Appeal" source="C:\Roshini_Demo\TestCase\Test_Appeal.robot">
<test id="s1-t1" name="verify the element of created on" line="24">
<kw name="open the browser" owner="GenericResources" type="SETUP">
<kw name="Create Webdriver" owner="SeleniumLibrary">
<msg time="2024-05-27T16:39:50.347756" level="INFO">Creating an instance of the Chrome WebDriver.</msg>
<arg>${browser_name}</arg>
<doc>Creates an instance of Selenium WebDriver.</doc>
<status status="PASS" start="2024-05-27T16:39:50.346755" elapsed="2.050947"/>
</kw>
<kw name="Go To" owner="SeleniumLibrary">
<msg time="2024-05-27T16:39:52.399696" level="INFO">Opening url 'https://demowebshop.tricentis.com/'</msg>
<arg>${url}</arg>
<doc>Navigates the current browser window to the provided ``url``.</doc>
<status status="PASS" start="2024-05-27T16:39:52.399696" elapsed="7.777645"/>
</kw>
<kw name="Maximize Browser Window" owner="SeleniumLibrary">
<doc>Maximizes current browser window.</doc>
<status status="PASS" start="2024-05-27T16:40:00.177341" elapsed="0.040589"/>
</kw>
<kw name="Set Selenium Implicit Wait" owner="SeleniumLibrary">
<arg>5</arg>
<doc>Sets the implicit wait value used by Selenium.</doc>
<status status="PASS" start="2024-05-27T16:40:00.219114" elapsed="0.001493"/>
</kw>
<status status="PASS" start="2024-05-27T16:39:50.346755" elapsed="9.875066"/>
</kw>
<kw name="click the appereal created on" owner="ApparealResources">
<kw name="Click Link" owner="SeleniumLibrary">
<msg time="2024-05-27T16:40:00.223893" level="INFO">Clicking link 'css:a[href='/apparel-shoes']'.</msg>
<arg>${appereal}</arg>
<doc>Clicks a link identified by ``locator``.</doc>
<status status="PASS" start="2024-05-27T16:40:00.222891" elapsed="2.363122"/>
</kw>
<kw name="Select From List By Label" owner="SeleniumLibrary">
<msg time="2024-05-27T16:40:02.586013" level="INFO">Selecting options from selection list 'id:products-orderby' by label Created on.</msg>
<arg>id:products-orderby</arg>
<arg>Created on</arg>
<doc>Selects options from selection list ``locator`` by ``labels``.</doc>
<status status="PASS" start="2024-05-27T16:40:02.586013" elapsed="0.948606"/>
</kw>
<kw name="Select From List By Label" owner="SeleniumLibrary">
<msg time="2024-05-27T16:40:03.534619" level="INFO">Selecting options from selection list 'id:products-pagesize' by label 4.</msg>
<arg>id:products-pagesize</arg>
<arg>4</arg>
<doc>Selects options from selection list ``locator`` by ``labels``.</doc>
<status status="PASS" start="2024-05-27T16:40:03.534619" elapsed="0.572458"/>
</kw>
<kw name="Select From List By Label" owner="SeleniumLibrary">
<msg time="2024-05-27T16:40:04.107077" level="INFO">Selecting options from selection list 'id:products-viewmode' by label Grid.</msg>
<arg>id:products-viewmode</arg>
<arg>Grid</arg>
<doc>Selects options from selection list ``locator`` by ``labels``.</doc>
<status status="PASS" start="2024-05-27T16:40:04.107077" elapsed="0.043946"/>
</kw>
<kw name="Click Element" owner="SeleniumLibrary">
<msg time="2024-05-27T16:40:04.152526" level="INFO">Clicking element 'xpath=//h2[@class='product-title']'.</msg>
<arg>${create}</arg>
<doc>Click the element identified by ``locator``.</doc>
<status status="PASS" start="2024-05-27T16:40:04.152526" elapsed="2.837220"/>
</kw>
<kw name="Log To Console" owner="BuiltIn">
<arg>${ass_create}</arg>
<doc>Logs the given message to the console.</doc>
<status status="PASS" start="2024-05-27T16:40:06.992209" elapsed="0.000000"/>
</kw>
<kw name="Element Text Should Be" owner="SeleniumLibrary">
<msg time="2024-05-27T16:40:06.993268" level="INFO">Verifying element 'xpath=//div[@class='product-name']' contains exact text 'Green and blue Sneaker'.</msg>
<arg>${ass_create}</arg>
<arg>Green and blue Sneaker</arg>
<doc>Verifies that element ``locator`` contains exact the text ``expected``.</doc>
<status status="PASS" start="2024-05-27T16:40:06.992977" elapsed="0.017314"/>
</kw>
<status status="PASS" start="2024-05-27T16:40:00.222891" elapsed="6.787400"/>
</kw>
<kw name="close browser session" owner="GenericResources" type="TEARDOWN">
<kw name="Close Browser" owner="SeleniumLibrary">
<doc>Closes the current browser.</doc>
<status status="PASS" start="2024-05-27T16:40:07.010291" elapsed="2.168690"/>
</kw>
<status status="PASS" start="2024-05-27T16:40:07.010291" elapsed="2.168690"/>
</kw>
<tag>regreesion</tag>
<status status="PASS" start="2024-05-27T16:39:50.345417" elapsed="18.833564"/>
</test>
<doc>Test the sort values in the page</doc>
<status status="PASS" start="2024-05-27T16:39:50.119841" elapsed="19.059140"/>
</suite>
<statistics>
<total>
<stat pass="1" fail="0" skip="0">All Tests</stat>
</total>
<tag>
<stat pass="1" fail="0" skip="0">regreesion</stat>
</tag>
<suite>
<stat pass="1" fail="0" skip="0" id="s1" name="Test Appeal">Test Appeal</stat>
</suite>
</statistics>
<errors>
</errors>
</robot>
