<?xml version="1.0" encoding="UTF-8"?>
<robot generator="Robot 7.0 (Python 3.12.2 on win32)" generated="2024-05-28T06:56:13.754295" rpa="false" schemaversion="5">
<suite id="s1" name="Test Appeal" source="C:\Roshini_Demo\TestCase\Test_Appeal.robot">
<test id="s1-t1" name="verify the element of created on" line="26">
<kw name="open the browser" owner="GenericResources" type="SETUP">
<kw name="Create Webdriver" owner="SeleniumLibrary">
<msg time="2024-05-28T06:56:14.152419" level="INFO">Creating an instance of the Chrome WebDriver.</msg>
<arg>${browser_name}</arg>
<doc>Creates an instance of Selenium WebDriver.</doc>
<status status="PASS" start="2024-05-28T06:56:14.152419" elapsed="2.435497"/>
</kw>
<kw name="Go To" owner="SeleniumLibrary">
<msg time="2024-05-28T06:56:16.587916" level="INFO">Opening url 'https://demowebshop.tricentis.com/'</msg>
<arg>${url}</arg>
<doc>Navigates the current browser window to the provided ``url``.</doc>
<status status="PASS" start="2024-05-28T06:56:16.587916" elapsed="4.554739"/>
</kw>
<kw name="Maximize Browser Window" owner="SeleniumLibrary">
<doc>Maximizes current browser window.</doc>
<status status="PASS" start="2024-05-28T06:56:21.142655" elapsed="0.048159"/>
</kw>
<kw name="Set Selenium Implicit Wait" owner="SeleniumLibrary">
<arg>5</arg>
<doc>Sets the implicit wait value used by Selenium.</doc>
<status status="PASS" start="2024-05-28T06:56:21.190814" elapsed="0.004354"/>
</kw>
<status status="PASS" start="2024-05-28T06:56:14.152419" elapsed="7.042749"/>
</kw>
<kw name="click the appereal created on" owner="ApparealResources">
<kw name="Click Link" owner="SeleniumLibrary">
<msg time="2024-05-28T06:56:21.199183" level="INFO">Clicking link 'css:a[href='/apparel-shoes']'.</msg>
<arg>${appereal}</arg>
<doc>Clicks a link identified by ``locator``.</doc>
<status status="PASS" start="2024-05-28T06:56:21.195168" elapsed="1.209395"/>
</kw>
<kw name="Select From List By Label" owner="SeleniumLibrary">
<msg time="2024-05-28T06:56:22.406497" level="INFO">Selecting options from selection list 'id:products-orderby' by label Created on.</msg>
<arg>id:products-orderby</arg>
<arg>Created on</arg>
<doc>Selects options from selection list ``locator`` by ``labels``.</doc>
<status status="PASS" start="2024-05-28T06:56:22.404563" elapsed="0.889551"/>
</kw>
<kw name="Select From List By Label" owner="SeleniumLibrary">
<msg time="2024-05-28T06:56:23.294114" level="INFO">Selecting options from selection list 'id:products-pagesize' by label 4.</msg>
<arg>id:products-pagesize</arg>
<arg>4</arg>
<doc>Selects options from selection list ``locator`` by ``labels``.</doc>
<status status="PASS" start="2024-05-28T06:56:23.294114" elapsed="0.869252"/>
</kw>
<kw name="Select From List By Label" owner="SeleniumLibrary">
<msg time="2024-05-28T06:56:24.164210" level="INFO">Selecting options from selection list 'id:products-viewmode' by label Grid.</msg>
<arg>id:products-viewmode</arg>
<arg>Grid</arg>
<doc>Selects options from selection list ``locator`` by ``labels``.</doc>
<status status="PASS" start="2024-05-28T06:56:24.163366" elapsed="0.070745"/>
</kw>
<kw name="Click Element" owner="SeleniumLibrary">
<msg time="2024-05-28T06:56:24.234111" level="INFO">Clicking element 'xpath=//h2[@class='product-title']'.</msg>
<arg>${create}</arg>
<doc>Click the element identified by ``locator``.</doc>
<status status="PASS" start="2024-05-28T06:56:24.234111" elapsed="1.976210"/>
</kw>
<kw name="Log To Console" owner="BuiltIn">
<arg>${ass_create}</arg>
<doc>Logs the given message to the console.</doc>
<status status="PASS" start="2024-05-28T06:56:26.210321" elapsed="0.000000"/>
</kw>
<kw name="Element Text Should Be" owner="SeleniumLibrary">
<msg time="2024-05-28T06:56:26.210321" level="INFO">Verifying element 'xpath=//div[@class='product-name']' contains exact text 'Green and blue Sneaker'.</msg>
<arg>${ass_create}</arg>
<arg>Green and blue Sneaker</arg>
<doc>Verifies that element ``locator`` contains exact the text ``expected``.</doc>
<status status="PASS" start="2024-05-28T06:56:26.210321" elapsed="0.024334"/>
</kw>
<status status="PASS" start="2024-05-28T06:56:21.195168" elapsed="5.039487"/>
</kw>
<kw name="close browser session" owner="GenericResources" type="TEARDOWN">
<kw name="Close Browser" owner="SeleniumLibrary">
<doc>Closes the current browser.</doc>
<status status="PASS" start="2024-05-28T06:56:26.242308" elapsed="2.205070"/>
</kw>
<status status="PASS" start="2024-05-28T06:56:26.234655" elapsed="2.212723"/>
</kw>
<tag>smoke</tag>
<status status="PASS" start="2024-05-28T06:56:14.152419" elapsed="14.294959"/>
</test>
<doc>Test the sort values in the page</doc>
<status status="PASS" start="2024-05-28T06:56:13.771933" elapsed="14.675445"/>
</suite>
<statistics>
<total>
<stat pass="1" fail="0" skip="0">All Tests</stat>
</total>
<tag>
<stat pass="1" fail="0" skip="0">smoke</stat>
</tag>
<suite>
<stat pass="1" fail="0" skip="0" id="s1" name="Test Appeal">Test Appeal</stat>
</suite>
</statistics>
<errors>
</errors>
</robot>
