<?xml version="1.0" encoding="UTF-8"?>
<robot generator="Robot 7.0 (Python 3.12.2 on win32)" generated="2024-05-28T06:42:18.459262" rpa="false" schemaversion="5">
<suite id="s1" name="TestCase" source="C:\Roshini_Demo\TestCase">
<suite id="s1-s1" name="Test Appeal" source="C:\Roshini_Demo\TestCase\Test_Appeal.robot">
<test id="s1-s1-t1" name="verify the element of A to Z" line="10">
<kw name="open the browser" owner="GenericResources" type="SETUP">
<kw name="Create Webdriver" owner="SeleniumLibrary">
<msg time="2024-05-28T06:42:18.774083" level="INFO">Creating an instance of the Chrome WebDriver.</msg>
<arg>${browser_name}</arg>
<doc>Creates an instance of Selenium WebDriver.</doc>
<status status="PASS" start="2024-05-28T06:42:18.774083" elapsed="2.239195"/>
</kw>
<kw name="Go To" owner="SeleniumLibrary">
<msg time="2024-05-28T06:42:21.013278" level="INFO">Opening url 'https://demowebshop.tricentis.com/'</msg>
<arg>${url}</arg>
<doc>Navigates the current browser window to the provided ``url``.</doc>
<status status="PASS" start="2024-05-28T06:42:21.013278" elapsed="4.823957"/>
</kw>
<kw name="Maximize Browser Window" owner="SeleniumLibrary">
<doc>Maximizes current browser window.</doc>
<status status="PASS" start="2024-05-28T06:42:25.841747" elapsed="0.041171"/>
</kw>
<kw name="Set Selenium Implicit Wait" owner="SeleniumLibrary">
<arg>5</arg>
<doc>Sets the implicit wait value used by Selenium.</doc>
<status status="PASS" start="2024-05-28T06:42:25.882918" elapsed="0.000000"/>
</kw>
<status status="PASS" start="2024-05-28T06:42:18.774083" elapsed="7.108835"/>
</kw>
<kw name="click the appereal A to z" owner="ApparealResources">
<kw name="Click Link" owner="SeleniumLibrary">
<msg time="2024-05-28T06:42:25.904910" level="INFO">Clicking link 'css:a[href='/apparel-shoes']'.</msg>
<arg>${appereal}</arg>
<doc>Clicks a link identified by ``locator``.</doc>
<status status="PASS" start="2024-05-28T06:42:25.898433" elapsed="1.432465"/>
</kw>
<kw name="Select From List By Label" owner="SeleniumLibrary">
<msg time="2024-05-28T06:42:27.334396" level="INFO">Selecting options from selection list 'id:products-orderby' by label Name: A to Z.</msg>
<arg>id:products-orderby</arg>
<arg>Name: A to Z</arg>
<doc>Selects options from selection list ``locator`` by ``labels``.</doc>
<status status="PASS" start="2024-05-28T06:42:27.333513" elapsed="0.742785"/>
</kw>
<kw name="Select From List By Label" owner="SeleniumLibrary">
<msg time="2024-05-28T06:42:28.076298" level="INFO">Selecting options from selection list 'id:products-pagesize' by label 4.</msg>
<arg>id:products-pagesize</arg>
<arg>4</arg>
<doc>Selects options from selection list ``locator`` by ``labels``.</doc>
<status status="PASS" start="2024-05-28T06:42:28.076298" elapsed="0.761093"/>
</kw>
<kw name="Select From List By Label" owner="SeleniumLibrary">
<msg time="2024-05-28T06:42:28.841105" level="INFO">Selecting options from selection list 'id:products-viewmode' by label Grid.</msg>
<arg>id:products-viewmode</arg>
<arg>Grid</arg>
<doc>Selects options from selection list ``locator`` by ``labels``.</doc>
<status status="PASS" start="2024-05-28T06:42:28.841105" elapsed="0.076853"/>
</kw>
<kw name="Click Element" owner="SeleniumLibrary">
<msg time="2024-05-28T06:42:28.917958" level="INFO">Clicking element 'xpath=//h2[@class='product-title']'.</msg>
<arg>${click}</arg>
<doc>Click the element identified by ``locator``.</doc>
<status status="PASS" start="2024-05-28T06:42:28.917958" elapsed="1.305253"/>
</kw>
<kw name="Element Text Should Be" owner="SeleniumLibrary">
<msg time="2024-05-28T06:42:30.227917" level="INFO">Verifying element 'xpath=//div[@class='product-name']' contains exact text '50's Rockabilly Polka Dot Top JR Plus Size'.</msg>
<arg>${select_prod}</arg>
<arg>50's Rockabilly Polka Dot Top JR Plus Size</arg>
<doc>Verifies that element ``locator`` contains exact the text ``expected``.</doc>
<status status="PASS" start="2024-05-28T06:42:30.227917" elapsed="0.045394"/>
</kw>
<status status="PASS" start="2024-05-28T06:42:25.898433" elapsed="4.374878"/>
</kw>
<kw name="close browser session" owner="GenericResources" type="TEARDOWN">
<kw name="Close Browser" owner="SeleniumLibrary">
<doc>Closes the current browser.</doc>
<status status="PASS" start="2024-05-28T06:42:30.282456" elapsed="2.277982"/>
</kw>
<status status="PASS" start="2024-05-28T06:42:30.273311" elapsed="2.287127"/>
</kw>
<tag>smoke</tag>
<status status="PASS" start="2024-05-28T06:42:18.774083" elapsed="13.786355"/>
</test>
<test id="s1-s1-t2" name="Verify the element of Z to A" line="14">
<kw name="open the browser" owner="GenericResources" type="SETUP">
<kw name="Create Webdriver" owner="SeleniumLibrary">
<msg time="2024-05-28T06:42:32.577722" level="INFO">Creating an instance of the Chrome WebDriver.</msg>
<arg>${browser_name}</arg>
<doc>Creates an instance of Selenium WebDriver.</doc>
<status status="PASS" start="2024-05-28T06:42:32.577722" elapsed="1.827690"/>
</kw>
<kw name="Go To" owner="SeleniumLibrary">
<msg time="2024-05-28T06:42:34.409140" level="INFO">Opening url 'https://demowebshop.tricentis.com/'</msg>
<arg>${url}</arg>
<doc>Navigates the current browser window to the provided ``url``.</doc>
<status status="PASS" start="2024-05-28T06:42:34.409140" elapsed="4.563925"/>
</kw>
<kw name="Maximize Browser Window" owner="SeleniumLibrary">
<doc>Maximizes current browser window.</doc>
<status status="PASS" start="2024-05-28T06:42:38.975651" elapsed="0.041121"/>
</kw>
<kw name="Set Selenium Implicit Wait" owner="SeleniumLibrary">
<arg>5</arg>
<doc>Sets the implicit wait value used by Selenium.</doc>
<status status="PASS" start="2024-05-28T06:42:39.016772" elapsed="0.002005"/>
</kw>
<status status="PASS" start="2024-05-28T06:42:32.577722" elapsed="6.442745"/>
</kw>
<kw name="click the appereal z to A" owner="ApparealResources">
<kw name="Click Link" owner="SeleniumLibrary">
<msg time="2024-05-28T06:42:39.027104" level="INFO">Clicking link 'css:a[href='/apparel-shoes']'.</msg>
<arg>${appereal}</arg>
<doc>Clicks a link identified by ``locator``.</doc>
<status status="PASS" start="2024-05-28T06:42:39.027104" elapsed="1.227259"/>
</kw>
<kw name="Select From List By Label" owner="SeleniumLibrary">
<msg time="2024-05-28T06:42:40.262943" level="INFO">Selecting options from selection list 'id:products-orderby' by label Name: Z to A.</msg>
<arg>id:products-orderby</arg>
<arg>Name: Z to A</arg>
<doc>Selects options from selection list ``locator`` by ``labels``.</doc>
<status status="PASS" start="2024-05-28T06:42:40.262943" elapsed="1.030091"/>
</kw>
<kw name="Select From List By Label" owner="SeleniumLibrary">
<msg time="2024-05-28T06:42:41.296246" level="INFO">Selecting options from selection list 'id:products-pagesize' by label 4.</msg>
<arg>id:products-pagesize</arg>
<arg>4</arg>
<doc>Selects options from selection list ``locator`` by ``labels``.</doc>
<status status="PASS" start="2024-05-28T06:42:41.296246" elapsed="0.817640"/>
</kw>
<kw name="Select From List By Label" owner="SeleniumLibrary">
<msg time="2024-05-28T06:42:42.119832" level="INFO">Selecting options from selection list 'id:products-viewmode' by label Grid.</msg>
<arg>id:products-viewmode</arg>
<arg>Grid</arg>
<doc>Selects options from selection list ``locator`` by ``labels``.</doc>
<status status="PASS" start="2024-05-28T06:42:42.118897" elapsed="0.080556"/>
</kw>
<kw name="Click Element" owner="SeleniumLibrary">
<msg time="2024-05-28T06:42:42.199453" level="INFO">Clicking element 'xpath=//h2[@class='product-title']'.</msg>
<arg>${click_Z to A}</arg>
<doc>Click the element identified by ``locator``.</doc>
<status status="PASS" start="2024-05-28T06:42:42.199453" elapsed="1.240574"/>
</kw>
<kw name="Element Text Should Be" owner="SeleniumLibrary">
<msg time="2024-05-28T06:42:43.446090" level="INFO">Verifying element 'css:div[class='product-name']' contains exact text 'Wool Hat'.</msg>
<arg>${check_pro}</arg>
<arg>Wool Hat</arg>
<doc>Verifies that element ``locator`` contains exact the text ``expected``.</doc>
<status status="PASS" start="2024-05-28T06:42:43.444889" elapsed="0.051557"/>
</kw>
<status status="PASS" start="2024-05-28T06:42:39.027104" elapsed="4.469342"/>
</kw>
<kw name="close browser session" owner="GenericResources" type="TEARDOWN">
<kw name="Close Browser" owner="SeleniumLibrary">
<doc>Closes the current browser.</doc>
<status status="PASS" start="2024-05-28T06:42:43.499953" elapsed="2.261204"/>
</kw>
<status status="PASS" start="2024-05-28T06:42:43.499953" elapsed="2.262272"/>
</kw>
<tag>smoke</tag>
<status status="PASS" start="2024-05-28T06:42:32.577722" elapsed="13.184503"/>
</test>
<test id="s1-s1-t3" name="verify the element of low to high" line="18">
<kw name="open the browser" owner="GenericResources" type="SETUP">
<kw name="Create Webdriver" owner="SeleniumLibrary">
<msg time="2024-05-28T06:42:45.776237" level="INFO">Creating an instance of the Chrome WebDriver.</msg>
<arg>${browser_name}</arg>
<doc>Creates an instance of Selenium WebDriver.</doc>
<status status="PASS" start="2024-05-28T06:42:45.776237" elapsed="1.893201"/>
</kw>
<kw name="Go To" owner="SeleniumLibrary">
<msg time="2024-05-28T06:42:47.673154" level="INFO">Opening url 'https://demowebshop.tricentis.com/'</msg>
<arg>${url}</arg>
<doc>Navigates the current browser window to the provided ``url``.</doc>
<status status="PASS" start="2024-05-28T06:42:47.669438" elapsed="4.197704"/>
</kw>
<kw name="Maximize Browser Window" owner="SeleniumLibrary">
<doc>Maximizes current browser window.</doc>
<status status="PASS" start="2024-05-28T06:42:51.869517" elapsed="0.062410"/>
</kw>
<kw name="Set Selenium Implicit Wait" owner="SeleniumLibrary">
<arg>5</arg>
<doc>Sets the implicit wait value used by Selenium.</doc>
<status status="PASS" start="2024-05-28T06:42:51.935456" elapsed="0.002511"/>
</kw>
<status status="PASS" start="2024-05-28T06:42:45.762225" elapsed="6.175742"/>
</kw>
<kw name="click the appereal low to high" owner="ApparealResources">
<kw name="Click Link" owner="SeleniumLibrary">
<msg time="2024-05-28T06:42:51.940346" level="INFO">Clicking link 'css:a[href='/apparel-shoes']'.</msg>
<arg>${appereal}</arg>
<doc>Clicks a link identified by ``locator``.</doc>
<status status="PASS" start="2024-05-28T06:42:51.939765" elapsed="1.445440"/>
</kw>
<kw name="Select From List By Label" owner="SeleniumLibrary">
<msg time="2024-05-28T06:42:53.385205" level="INFO">Selecting options from selection list 'id:products-orderby' by label Price: Low to High.</msg>
<arg>id:products-orderby</arg>
<arg>Price: Low to High</arg>
<doc>Selects options from selection list ``locator`` by ``labels``.</doc>
<status status="PASS" start="2024-05-28T06:42:53.385205" elapsed="0.800246"/>
</kw>
<kw name="Select From List By Label" owner="SeleniumLibrary">
<msg time="2024-05-28T06:42:54.190552" level="INFO">Selecting options from selection list 'id:products-pagesize' by label 4.</msg>
<arg>id:products-pagesize</arg>
<arg>4</arg>
<doc>Selects options from selection list ``locator`` by ``labels``.</doc>
<status status="PASS" start="2024-05-28T06:42:54.190552" elapsed="0.665195"/>
</kw>
<kw name="Select From List By Label" owner="SeleniumLibrary">
<msg time="2024-05-28T06:42:54.858166" level="INFO">Selecting options from selection list 'id:products-viewmode' by label Grid.</msg>
<arg>id:products-viewmode</arg>
<arg>Grid</arg>
<doc>Selects options from selection list ``locator`` by ``labels``.</doc>
<status status="PASS" start="2024-05-28T06:42:54.858166" elapsed="0.070539"/>
</kw>
<kw name="Click Element" owner="SeleniumLibrary">
<msg time="2024-05-28T06:42:54.937955" level="INFO">Clicking element 'css:h2[class='product-title']'.</msg>
<arg>${price}</arg>
<doc>Click the element identified by ``locator``.</doc>
<status status="PASS" start="2024-05-28T06:42:54.937955" elapsed="1.494691"/>
</kw>
<kw name="Element Text Should Be" owner="SeleniumLibrary">
<msg time="2024-05-28T06:42:56.435597" level="INFO">Verifying element 'css:div.product-price' contains exact text '1.00'.</msg>
<arg>${pro_price}</arg>
<arg>1.00</arg>
<doc>Verifies that element ``locator`` contains exact the text ``expected``.</doc>
<status status="PASS" start="2024-05-28T06:42:56.432646" elapsed="0.021482"/>
</kw>
<status status="PASS" start="2024-05-28T06:42:51.937967" elapsed="4.526166"/>
</kw>
<kw name="close browser session" owner="GenericResources" type="TEARDOWN">
<kw name="Close Browser" owner="SeleniumLibrary">
<doc>Closes the current browser.</doc>
<status status="PASS" start="2024-05-28T06:42:56.464133" elapsed="2.259335"/>
</kw>
<status status="PASS" start="2024-05-28T06:42:56.464133" elapsed="2.260479"/>
</kw>
<tag>smoke</tag>
<status status="PASS" start="2024-05-28T06:42:45.762225" elapsed="12.962387"/>
</test>
<test id="s1-s1-t4" name="verify the element of high to low" line="22">
<kw name="open the browser" owner="GenericResources" type="SETUP">
<kw name="Create Webdriver" owner="SeleniumLibrary">
<msg time="2024-05-28T06:42:58.742783" level="INFO">Creating an instance of the Chrome WebDriver.</msg>
<arg>${browser_name}</arg>
<doc>Creates an instance of Selenium WebDriver.</doc>
<status status="PASS" start="2024-05-28T06:42:58.742783" elapsed="2.020617"/>
</kw>
<kw name="Go To" owner="SeleniumLibrary">
<msg time="2024-05-28T06:43:00.780501" level="INFO">Opening url 'https://demowebshop.tricentis.com/'</msg>
<arg>${url}</arg>
<doc>Navigates the current browser window to the provided ``url``.</doc>
<status status="PASS" start="2024-05-28T06:43:00.779395" elapsed="4.636789"/>
</kw>
<kw name="Maximize Browser Window" owner="SeleniumLibrary">
<doc>Maximizes current browser window.</doc>
<status status="PASS" start="2024-05-28T06:43:05.418205" elapsed="0.056747"/>
</kw>
<kw name="Set Selenium Implicit Wait" owner="SeleniumLibrary">
<arg>5</arg>
<doc>Sets the implicit wait value used by Selenium.</doc>
<status status="PASS" start="2024-05-28T06:43:05.476466" elapsed="0.000570"/>
</kw>
<status status="PASS" start="2024-05-28T06:42:58.742783" elapsed="6.736235"/>
</kw>
<kw name="click the appereal high to low" owner="ApparealResources">
<kw name="Click Link" owner="SeleniumLibrary">
<msg time="2024-05-28T06:43:05.479018" level="INFO">Clicking link 'css:a[href='/apparel-shoes']'.</msg>
<arg>${appereal}</arg>
<doc>Clicks a link identified by ``locator``.</doc>
<status status="PASS" start="2024-05-28T06:43:05.479018" elapsed="1.133165"/>
</kw>
<kw name="Select From List By Label" owner="SeleniumLibrary">
<msg time="2024-05-28T06:43:06.612183" level="INFO">Selecting options from selection list 'id:products-orderby' by label Price: High to Low.</msg>
<arg>id:products-orderby</arg>
<arg>Price: High to Low</arg>
<doc>Selects options from selection list ``locator`` by ``labels``.</doc>
<status status="PASS" start="2024-05-28T06:43:06.612183" elapsed="0.942414"/>
</kw>
<kw name="Select From List By Label" owner="SeleniumLibrary">
<msg time="2024-05-28T06:43:07.558421" level="INFO">Selecting options from selection list 'id:products-pagesize' by label 4.</msg>
<arg>id:products-pagesize</arg>
<arg>4</arg>
<doc>Selects options from selection list ``locator`` by ``labels``.</doc>
<status status="PASS" start="2024-05-28T06:43:07.556917" elapsed="0.887354"/>
</kw>
<kw name="Select From List By Label" owner="SeleniumLibrary">
<msg time="2024-05-28T06:43:08.450058" level="INFO">Selecting options from selection list 'id:products-viewmode' by label List.</msg>
<arg>id:products-viewmode</arg>
<arg>List</arg>
<doc>Selects options from selection list ``locator`` by ``labels``.</doc>
<status status="PASS" start="2024-05-28T06:43:08.450058" elapsed="0.902551"/>
</kw>
<kw name="Click Element" owner="SeleniumLibrary">
<msg time="2024-05-28T06:43:09.357296" level="INFO">Clicking element 'xpath=//h2[@class='product-title']'.</msg>
<arg>${first_price}</arg>
<doc>Click the element identified by ``locator``.</doc>
<status status="PASS" start="2024-05-28T06:43:09.356728" elapsed="1.618335"/>
</kw>
<kw name="Element Text Should Be" owner="SeleniumLibrary">
<msg time="2024-05-28T06:43:10.978408" level="INFO">Verifying element 'css:div[class='product-price']' contains exact text '40.00'.</msg>
<arg>${ass_price}</arg>
<arg>40.00</arg>
<doc>Verifies that element ``locator`` contains exact the text ``expected``.</doc>
<status status="PASS" start="2024-05-28T06:43:10.978408" elapsed="0.041211"/>
</kw>
<status status="PASS" start="2024-05-28T06:43:05.479018" elapsed="5.540601"/>
</kw>
<kw name="close browser session" owner="GenericResources" type="TEARDOWN">
<kw name="Close Browser" owner="SeleniumLibrary">
<doc>Closes the current browser.</doc>
<status status="PASS" start="2024-05-28T06:43:11.019619" elapsed="2.248430"/>
</kw>
<status status="PASS" start="2024-05-28T06:43:11.019619" elapsed="2.248430"/>
</kw>
<tag>smoke</tag>
<status status="PASS" start="2024-05-28T06:42:58.741775" elapsed="14.527435"/>
</test>
<test id="s1-s1-t5" name="verify the element of created on" line="26">
<kw name="open the browser" owner="GenericResources" type="SETUP">
<kw name="Create Webdriver" owner="SeleniumLibrary">
<msg time="2024-05-28T06:43:13.286072" level="INFO">Creating an instance of the Chrome WebDriver.</msg>
<arg>${browser_name}</arg>
<doc>Creates an instance of Selenium WebDriver.</doc>
<status status="PASS" start="2024-05-28T06:43:13.286072" elapsed="1.757649"/>
</kw>
<kw name="Go To" owner="SeleniumLibrary">
<msg time="2024-05-28T06:43:15.050627" level="INFO">Opening url 'https://demowebshop.tricentis.com/'</msg>
<arg>${url}</arg>
<doc>Navigates the current browser window to the provided ``url``.</doc>
<status status="PASS" start="2024-05-28T06:43:15.050627" elapsed="4.506255"/>
</kw>
<kw name="Maximize Browser Window" owner="SeleniumLibrary">
<doc>Maximizes current browser window.</doc>
<status status="PASS" start="2024-05-28T06:43:19.556882" elapsed="0.053865"/>
</kw>
<kw name="Set Selenium Implicit Wait" owner="SeleniumLibrary">
<arg>5</arg>
<doc>Sets the implicit wait value used by Selenium.</doc>
<status status="PASS" start="2024-05-28T06:43:19.611953" elapsed="0.002067"/>
</kw>
<status status="PASS" start="2024-05-28T06:43:13.286072" elapsed="6.327948"/>
</kw>
<kw name="click the appereal created on" owner="ApparealResources">
<kw name="Click Link" owner="SeleniumLibrary">
<msg time="2024-05-28T06:43:19.618562" level="INFO">Clicking link 'css:a[href='/apparel-shoes']'.</msg>
<arg>${appereal}</arg>
<doc>Clicks a link identified by ``locator``.</doc>
<status status="PASS" start="2024-05-28T06:43:19.617894" elapsed="1.225619"/>
</kw>
<kw name="Select From List By Label" owner="SeleniumLibrary">
<msg time="2024-05-28T06:43:20.848708" level="INFO">Selecting options from selection list 'id:products-orderby' by label Created on.</msg>
<arg>id:products-orderby</arg>
<arg>Created on</arg>
<doc>Selects options from selection list ``locator`` by ``labels``.</doc>
<status status="PASS" start="2024-05-28T06:43:20.848708" elapsed="0.926725"/>
</kw>
<kw name="Select From List By Label" owner="SeleniumLibrary">
<msg time="2024-05-28T06:43:21.788179" level="INFO">Selecting options from selection list 'id:products-pagesize' by label 4.</msg>
<arg>id:products-pagesize</arg>
<arg>4</arg>
<doc>Selects options from selection list ``locator`` by ``labels``.</doc>
<status status="PASS" start="2024-05-28T06:43:21.786751" elapsed="0.905704"/>
</kw>
<kw name="Select From List By Label" owner="SeleniumLibrary">
<msg time="2024-05-28T06:43:22.698991" level="INFO">Selecting options from selection list 'id:products-viewmode' by label Grid.</msg>
<arg>id:products-viewmode</arg>
<arg>Grid</arg>
<doc>Selects options from selection list ``locator`` by ``labels``.</doc>
<status status="PASS" start="2024-05-28T06:43:22.697985" elapsed="0.102180"/>
</kw>
<kw name="Click Element" owner="SeleniumLibrary">
<msg time="2024-05-28T06:43:22.806112" level="INFO">Clicking element 'xpath=//h2[@class='product-title']'.</msg>
<arg>${create}</arg>
<doc>Click the element identified by ``locator``.</doc>
<status status="PASS" start="2024-05-28T06:43:22.805601" elapsed="1.279438"/>
</kw>
<kw name="Log To Console" owner="BuiltIn">
<arg>${ass_create}</arg>
<doc>Logs the given message to the console.</doc>
<status status="PASS" start="2024-05-28T06:43:24.090106" elapsed="0.000509"/>
</kw>
<kw name="Element Text Should Be" owner="SeleniumLibrary">
<msg time="2024-05-28T06:43:24.090615" level="INFO">Verifying element 'xpath=//div[@class='product-name']' contains exact text 'Green and blue Sneaker'.</msg>
<arg>${ass_create}</arg>
<arg>Green and blue Sneaker</arg>
<doc>Verifies that element ``locator`` contains exact the text ``expected``.</doc>
<status status="PASS" start="2024-05-28T06:43:24.090615" elapsed="0.068625"/>
</kw>
<status status="PASS" start="2024-05-28T06:43:19.616885" elapsed="4.545055"/>
</kw>
<kw name="close browser session" owner="GenericResources" type="TEARDOWN">
<kw name="Close Browser" owner="SeleniumLibrary">
<doc>Closes the current browser.</doc>
<status status="PASS" start="2024-05-28T06:43:24.165974" elapsed="2.260700"/>
</kw>
<status status="PASS" start="2024-05-28T06:43:24.164380" elapsed="2.263125"/>
</kw>
<tag>smoke</tag>
<status status="PASS" start="2024-05-28T06:43:13.286072" elapsed="13.141433"/>
</test>
<doc>Test the sort values in the page</doc>
<status status="PASS" start="2024-05-28T06:42:18.585036" elapsed="67.842469"/>
</suite>
<suite id="s1-s2" name="Test contact" source="C:\Roshini_Demo\TestCase\Test_contact.robot">
<test id="s1-s2-t1" name="Click the facebook link" line="10">
<kw name="open the browser" owner="GenericResources" type="SETUP">
<kw name="Create Webdriver" owner="SeleniumLibrary">
<msg time="2024-05-28T06:43:26.477094" level="INFO">Creating an instance of the Chrome WebDriver.</msg>
<arg>${browser_name}</arg>
<doc>Creates an instance of Selenium WebDriver.</doc>
<status status="PASS" start="2024-05-28T06:43:26.477094" elapsed="1.751999"/>
</kw>
<kw name="Go To" owner="SeleniumLibrary">
<msg time="2024-05-28T06:43:28.230016" level="INFO">Opening url 'https://demowebshop.tricentis.com/'</msg>
<arg>${url}</arg>
<doc>Navigates the current browser window to the provided ``url``.</doc>
<status status="PASS" start="2024-05-28T06:43:28.230016" elapsed="4.593559"/>
</kw>
<kw name="Maximize Browser Window" owner="SeleniumLibrary">
<doc>Maximizes current browser window.</doc>
<status status="PASS" start="2024-05-28T06:43:32.825999" elapsed="0.050397"/>
</kw>
<kw name="Set Selenium Implicit Wait" owner="SeleniumLibrary">
<arg>5</arg>
<doc>Sets the implicit wait value used by Selenium.</doc>
<status status="PASS" start="2024-05-28T06:43:32.878588" elapsed="0.002470"/>
</kw>
<status status="PASS" start="2024-05-28T06:43:26.477094" elapsed="6.404854"/>
</kw>
<kw name="click for the facebook" owner="ContactResources">
<kw name="Click Link" owner="SeleniumLibrary">
<msg time="2024-05-28T06:43:32.883986" level="INFO">Clicking link 'xpath=//a[text()='Facebook']'.</msg>
<arg>${facebook}</arg>
<doc>Clicks a link identified by ``locator``.</doc>
<status status="PASS" start="2024-05-28T06:43:32.883236" elapsed="0.134328"/>
</kw>
<status status="PASS" start="2024-05-28T06:43:32.883236" elapsed="0.134933"/>
</kw>
<kw name="Switch Window" owner="SeleniumLibrary">
<arg>new</arg>
<doc>Switches to browser window matching ``locator``.</doc>
<status status="PASS" start="2024-05-28T06:43:33.018169" elapsed="0.024369"/>
</kw>
<kw name="close browser session" owner="GenericResources" type="TEARDOWN">
<kw name="Close Browser" owner="SeleniumLibrary">
<doc>Closes the current browser.</doc>
<status status="PASS" start="2024-05-28T06:43:33.044507" elapsed="2.244942"/>
</kw>
<status status="PASS" start="2024-05-28T06:43:33.044507" elapsed="2.244942"/>
</kw>
<tag>regression</tag>
<status status="PASS" start="2024-05-28T06:43:26.476239" elapsed="8.813210"/>
</test>
<test id="s1-s2-t2" name="Click the twitter link" line="15">
<kw name="open the browser" owner="GenericResources" type="SETUP">
<kw name="Create Webdriver" owner="SeleniumLibrary">
<msg time="2024-05-28T06:43:35.305111" level="INFO">Creating an instance of the Chrome WebDriver.</msg>
<arg>${browser_name}</arg>
<doc>Creates an instance of Selenium WebDriver.</doc>
<status status="PASS" start="2024-05-28T06:43:35.305111" elapsed="1.762076"/>
</kw>
<kw name="Go To" owner="SeleniumLibrary">
<msg time="2024-05-28T06:43:37.072454" level="INFO">Opening url 'https://demowebshop.tricentis.com/'</msg>
<arg>${url}</arg>
<doc>Navigates the current browser window to the provided ``url``.</doc>
<status status="PASS" start="2024-05-28T06:43:37.067187" elapsed="4.252126"/>
</kw>
<kw name="Maximize Browser Window" owner="SeleniumLibrary">
<doc>Maximizes current browser window.</doc>
<status status="PASS" start="2024-05-28T06:43:41.319313" elapsed="0.049601"/>
</kw>
<kw name="Set Selenium Implicit Wait" owner="SeleniumLibrary">
<arg>5</arg>
<doc>Sets the implicit wait value used by Selenium.</doc>
<status status="PASS" start="2024-05-28T06:43:41.368914" elapsed="0.000000"/>
</kw>
<status status="PASS" start="2024-05-28T06:43:35.305111" elapsed="6.063803"/>
</kw>
<kw name="click for the twitter" owner="ContactResources">
<kw name="Click Link" owner="SeleniumLibrary">
<msg time="2024-05-28T06:43:41.368914" level="INFO">Clicking link 'xpath=//a[text()='Twitter']'.</msg>
<arg>${twitter}</arg>
<doc>Clicks a link identified by ``locator``.</doc>
<status status="PASS" start="2024-05-28T06:43:41.368914" elapsed="0.175697"/>
</kw>
<status status="PASS" start="2024-05-28T06:43:41.368914" elapsed="0.180460"/>
</kw>
<kw name="Switch Window" owner="SeleniumLibrary">
<arg>new</arg>
<doc>Switches to browser window matching ``locator``.</doc>
<status status="PASS" start="2024-05-28T06:43:41.549374" elapsed="0.012621"/>
</kw>
<kw name="close browser session" owner="GenericResources" type="TEARDOWN">
<kw name="Close Browser" owner="SeleniumLibrary">
<doc>Closes the current browser.</doc>
<status status="PASS" start="2024-05-28T06:43:41.565779" elapsed="2.206952"/>
</kw>
<status status="PASS" start="2024-05-28T06:43:41.565779" elapsed="2.206952"/>
</kw>
<tag>regression</tag>
<status status="PASS" start="2024-05-28T06:43:35.305111" elapsed="8.467620"/>
</test>
<test id="s1-s2-t3" name="Click the Rss link" line="20">
<kw name="open the browser" owner="GenericResources" type="SETUP">
<kw name="Create Webdriver" owner="SeleniumLibrary">
<msg time="2024-05-28T06:43:43.787809" level="INFO">Creating an instance of the Chrome WebDriver.</msg>
<arg>${browser_name}</arg>
<doc>Creates an instance of Selenium WebDriver.</doc>
<status status="PASS" start="2024-05-28T06:43:43.787809" elapsed="1.680012"/>
</kw>
<kw name="Go To" owner="SeleniumLibrary">
<msg time="2024-05-28T06:43:45.469326" level="INFO">Opening url 'https://demowebshop.tricentis.com/'</msg>
<arg>${url}</arg>
<doc>Navigates the current browser window to the provided ``url``.</doc>
<status status="PASS" start="2024-05-28T06:43:45.469326" elapsed="4.362028"/>
</kw>
<kw name="Maximize Browser Window" owner="SeleniumLibrary">
<doc>Maximizes current browser window.</doc>
<status status="PASS" start="2024-05-28T06:43:49.831354" elapsed="0.032077"/>
</kw>
<kw name="Set Selenium Implicit Wait" owner="SeleniumLibrary">
<arg>5</arg>
<doc>Sets the implicit wait value used by Selenium.</doc>
<status status="PASS" start="2024-05-28T06:43:49.871435" elapsed="0.007996"/>
</kw>
<status status="PASS" start="2024-05-28T06:43:43.787809" elapsed="6.091622"/>
</kw>
<kw name="click for the rss" owner="ContactResources">
<kw name="Click Link" owner="SeleniumLibrary">
<msg time="2024-05-28T06:43:49.885084" level="INFO">Clicking link 'xpath=//a[text()='RSS']'.</msg>
<arg>${rss}</arg>
<doc>Clicks a link identified by ``locator``.</doc>
<status status="PASS" start="2024-05-28T06:43:49.884237" elapsed="0.478411"/>
</kw>
<status status="PASS" start="2024-05-28T06:43:49.882211" elapsed="0.488792"/>
</kw>
<kw name="close browser session" owner="GenericResources" type="TEARDOWN">
<kw name="Close Browser" owner="SeleniumLibrary">
<doc>Closes the current browser.</doc>
<status status="PASS" start="2024-05-28T06:43:50.378343" elapsed="2.211300"/>
</kw>
<status status="PASS" start="2024-05-28T06:43:50.378343" elapsed="2.211300"/>
</kw>
<tag>regression</tag>
<status status="PASS" start="2024-05-28T06:43:43.772731" elapsed="8.816912"/>
</test>
<test id="s1-s2-t4" name="Click the youtube link" line="24">
<kw name="open the browser" owner="GenericResources" type="SETUP">
<kw name="Create Webdriver" owner="SeleniumLibrary">
<msg time="2024-05-28T06:43:52.604708" level="INFO">Creating an instance of the Chrome WebDriver.</msg>
<arg>${browser_name}</arg>
<doc>Creates an instance of Selenium WebDriver.</doc>
<status status="PASS" start="2024-05-28T06:43:52.604708" elapsed="1.675811"/>
</kw>
<kw name="Go To" owner="SeleniumLibrary">
<msg time="2024-05-28T06:43:54.280519" level="INFO">Opening url 'https://demowebshop.tricentis.com/'</msg>
<arg>${url}</arg>
<doc>Navigates the current browser window to the provided ``url``.</doc>
<status status="PASS" start="2024-05-28T06:43:54.280519" elapsed="4.485349"/>
</kw>
<kw name="Maximize Browser Window" owner="SeleniumLibrary">
<doc>Maximizes current browser window.</doc>
<status status="PASS" start="2024-05-28T06:43:58.765868" elapsed="0.050411"/>
</kw>
<kw name="Set Selenium Implicit Wait" owner="SeleniumLibrary">
<arg>5</arg>
<doc>Sets the implicit wait value used by Selenium.</doc>
<status status="PASS" start="2024-05-28T06:43:58.818284" elapsed="0.002747"/>
</kw>
<status status="PASS" start="2024-05-28T06:43:52.598695" elapsed="6.222336"/>
</kw>
<kw name="click for the youtube" owner="ContactResources">
<kw name="Click Link" owner="SeleniumLibrary">
<msg time="2024-05-28T06:43:58.823259" level="INFO">Clicking link 'xpath=//a[text()='YouTube']'.</msg>
<arg>${youtube}</arg>
<doc>Clicks a link identified by ``locator``.</doc>
<status status="PASS" start="2024-05-28T06:43:58.823259" elapsed="0.149419"/>
</kw>
<status status="PASS" start="2024-05-28T06:43:58.823259" elapsed="0.151310"/>
</kw>
<kw name="Switch Window" owner="SeleniumLibrary">
<arg>new</arg>
<doc>Switches to browser window matching ``locator``.</doc>
<status status="PASS" start="2024-05-28T06:43:58.981214" elapsed="0.006991"/>
</kw>
<kw name="close browser session" owner="GenericResources" type="TEARDOWN">
<kw name="Close Browser" owner="SeleniumLibrary">
<doc>Closes the current browser.</doc>
<status status="PASS" start="2024-05-28T06:43:58.988205" elapsed="2.202741"/>
</kw>
<status status="PASS" start="2024-05-28T06:43:58.988205" elapsed="2.202741"/>
</kw>
<tag>regression</tag>
<status status="PASS" start="2024-05-28T06:43:52.598695" elapsed="8.592251"/>
</test>
<test id="s1-s2-t5" name="Click the google link" line="29">
<kw name="open the browser" owner="GenericResources" type="SETUP">
<kw name="Create Webdriver" owner="SeleniumLibrary">
<msg time="2024-05-28T06:44:01.208032" level="INFO">Creating an instance of the Chrome WebDriver.</msg>
<arg>${browser_name}</arg>
<doc>Creates an instance of Selenium WebDriver.</doc>
<status status="PASS" start="2024-05-28T06:44:01.206979" elapsed="1.692873"/>
</kw>
<kw name="Go To" owner="SeleniumLibrary">
<msg time="2024-05-28T06:44:02.901982" level="INFO">Opening url 'https://demowebshop.tricentis.com/'</msg>
<arg>${url}</arg>
<doc>Navigates the current browser window to the provided ``url``.</doc>
<status status="PASS" start="2024-05-28T06:44:02.901982" elapsed="3.930855"/>
</kw>
<kw name="Maximize Browser Window" owner="SeleniumLibrary">
<doc>Maximizes current browser window.</doc>
<status status="PASS" start="2024-05-28T06:44:06.839513" elapsed="0.043088"/>
</kw>
<kw name="Set Selenium Implicit Wait" owner="SeleniumLibrary">
<arg>5</arg>
<doc>Sets the implicit wait value used by Selenium.</doc>
<status status="PASS" start="2024-05-28T06:44:06.886443" elapsed="0.004509"/>
</kw>
<status status="PASS" start="2024-05-28T06:44:01.204113" elapsed="5.686839"/>
</kw>
<kw name="click for the google" owner="ContactResources">
<kw name="Click Link" owner="SeleniumLibrary">
<msg time="2024-05-28T06:44:06.892898" level="INFO">Clicking link 'xpath=//a[text()='Google+']'.</msg>
<arg>${google}</arg>
<doc>Clicks a link identified by ``locator``.</doc>
<status status="PASS" start="2024-05-28T06:44:06.892898" elapsed="0.130375"/>
</kw>
<status status="PASS" start="2024-05-28T06:44:06.891578" elapsed="0.131695"/>
</kw>
<kw name="Switch Window" owner="SeleniumLibrary">
<arg>new</arg>
<doc>Switches to browser window matching ``locator``.</doc>
<status status="PASS" start="2024-05-28T06:44:07.023273" elapsed="0.029256"/>
</kw>
<kw name="close browser session" owner="GenericResources" type="TEARDOWN">
<kw name="Close Browser" owner="SeleniumLibrary">
<doc>Closes the current browser.</doc>
<status status="PASS" start="2024-05-28T06:44:07.057237" elapsed="2.190810"/>
</kw>
<status status="PASS" start="2024-05-28T06:44:07.052529" elapsed="2.195518"/>
</kw>
<tag>regression</tag>
<status status="PASS" start="2024-05-28T06:44:01.204113" elapsed="8.043934"/>
</test>
<doc>Test the link available in the page</doc>
<status status="PASS" start="2024-05-28T06:43:26.460523" elapsed="42.798774"/>
</suite>
<suite id="s1-s3" name="Test Forgotpass" source="C:\Roshini_Demo\TestCase\Test_Forgotpass.robot">
<test id="s1-s3-t1" name="Forgot password for email" line="17">
<kw name="open the browser" owner="GenericResources" type="SETUP">
<kw name="Create Webdriver" owner="SeleniumLibrary">
<msg time="2024-05-28T06:44:11.353803" level="INFO">Creating an instance of the Chrome WebDriver.</msg>
<arg>${browser_name}</arg>
<doc>Creates an instance of Selenium WebDriver.</doc>
<status status="PASS" start="2024-05-28T06:44:11.353803" elapsed="1.751276"/>
</kw>
<kw name="Go To" owner="SeleniumLibrary">
<msg time="2024-05-28T06:44:13.108232" level="INFO">Opening url 'https://demowebshop.tricentis.com/'</msg>
<arg>${url}</arg>
<doc>Navigates the current browser window to the provided ``url``.</doc>
<status status="PASS" start="2024-05-28T06:44:13.108232" elapsed="5.024793"/>
</kw>
<kw name="Maximize Browser Window" owner="SeleniumLibrary">
<doc>Maximizes current browser window.</doc>
<status status="PASS" start="2024-05-28T06:44:18.135557" elapsed="0.061719"/>
</kw>
<kw name="Set Selenium Implicit Wait" owner="SeleniumLibrary">
<arg>5</arg>
<doc>Sets the implicit wait value used by Selenium.</doc>
<status status="PASS" start="2024-05-28T06:44:18.200780" elapsed="0.000000"/>
</kw>
<status status="PASS" start="2024-05-28T06:44:11.353803" elapsed="6.846977"/>
</kw>
<kw name="Forgot password">
<kw name=" Click the Login element" owner="LoginResources">
<kw name="Click Element" owner="SeleniumLibrary">
<msg time="2024-05-28T06:44:18.207038" level="INFO">Clicking element 'xpath=//a[text()='Log in']'.</msg>
<arg>${login}</arg>
<doc>Click the element identified by ``locator``.</doc>
<status status="PASS" start="2024-05-28T06:44:18.200780" elapsed="0.643511"/>
</kw>
<status status="PASS" start="2024-05-28T06:44:18.200780" elapsed="0.644916"/>
</kw>
<kw name=" Fill the email" owner="LoginResources">
<kw name="Input Text" owner="SeleniumLibrary">
<msg time="2024-05-28T06:44:18.845696" level="INFO">Typing text 'j.k.rose1@gmail.com' into text field 'xpath=//input[@class='email']'.</msg>
<arg>${email}</arg>
<arg>${username}</arg>
<doc>Types the given ``text`` into the text field identified by ``locator``.</doc>
<status status="PASS" start="2024-05-28T06:44:18.845696" elapsed="0.153784"/>
</kw>
<arg>${username}</arg>
<status status="PASS" start="2024-05-28T06:44:18.845696" elapsed="0.153784"/>
</kw>
<kw name=" Click Forgot password" owner="LoginResources">
<kw name="Click Element" owner="SeleniumLibrary">
<msg time="2024-05-28T06:44:18.999480" level="INFO">Clicking element 'xpath=//a[text()='Forgot password?']'.</msg>
<arg>${forgot_pass}</arg>
<doc>Click the element identified by ``locator``.</doc>
<status status="PASS" start="2024-05-28T06:44:18.999480" elapsed="0.721839"/>
</kw>
<status status="PASS" start="2024-05-28T06:44:18.999480" elapsed="0.721839"/>
</kw>
<kw name=" Enter the mail" owner="LoginResources">
<kw name="Input Text" owner="SeleniumLibrary">
<msg time="2024-05-28T06:44:19.725436" level="INFO">Typing text 'j.k.rose1@gmail.com' into text field 'xpath=//input[@class='email']'.</msg>
<arg>${for_email}</arg>
<arg>${username}</arg>
<doc>Types the given ``text`` into the text field identified by ``locator``.</doc>
<status status="PASS" start="2024-05-28T06:44:19.725436" elapsed="0.177433"/>
</kw>
<arg>${username}</arg>
<status status="PASS" start="2024-05-28T06:44:19.725436" elapsed="0.177433"/>
</kw>
<kw name=" Click the recover button" owner="LoginResources">
<kw name="Click Element" owner="SeleniumLibrary">
<msg time="2024-05-28T06:44:19.908878" level="INFO">Clicking element 'xpath=//input[@class='button-1 password-recovery-button']'.</msg>
<arg>${recover}</arg>
<doc>Click the element identified by ``locator``.</doc>
<status status="PASS" start="2024-05-28T06:44:19.902869" elapsed="1.024852"/>
</kw>
<status status="PASS" start="2024-05-28T06:44:19.902869" elapsed="1.027948"/>
</kw>
<kw name=" check for forgot success message" owner="LoginResources">
<kw name="Element Text Should Be" owner="SeleniumLibrary">
<msg time="2024-05-28T06:44:20.934145" level="INFO">Verifying element 'xpath=//div[@class='result']' contains exact text 'Email with instructions has been sent to you.'.</msg>
<arg>${for_sucess}</arg>
<arg>Email with instructions has been sent to you.</arg>
<doc>Verifies that element ``locator`` contains exact the text ``expected``.</doc>
<status status="PASS" start="2024-05-28T06:44:20.934145" elapsed="0.032021"/>
</kw>
<status status="PASS" start="2024-05-28T06:44:20.930817" elapsed="0.037483"/>
</kw>
<arg>username=j.k.rose1@gmail.com</arg>
<status status="PASS" start="2024-05-28T06:44:18.200780" elapsed="2.768077"/>
</kw>
<kw name="close browser session" owner="GenericResources" type="TEARDOWN">
<kw name="Close Browser" owner="SeleniumLibrary">
<doc>Closes the current browser.</doc>
<status status="PASS" start="2024-05-28T06:44:20.969908" elapsed="2.304114"/>
</kw>
<status status="PASS" start="2024-05-28T06:44:20.969908" elapsed="2.304114"/>
</kw>
<status status="PASS" start="2024-05-28T06:44:11.348638" elapsed="11.925384"/>
</test>
<doc>Test the Valid information to the login page</doc>
<status status="PASS" start="2024-05-28T06:44:09.272309" elapsed="14.018221"/>
</suite>
<suite id="s1-s4" name="Test InvalidLogin" source="C:\Roshini_Demo\TestCase\Test_InvalidLogin.robot">
<test id="s1-s4-t1" name="Invalid Login test" line="16">
<kw name="open the browser" owner="GenericResources" type="SETUP">
<kw name="Create Webdriver" owner="SeleniumLibrary">
<msg time="2024-05-28T06:44:23.354108" level="INFO">Creating an instance of the Chrome WebDriver.</msg>
<arg>${browser_name}</arg>
<doc>Creates an instance of Selenium WebDriver.</doc>
<status status="PASS" start="2024-05-28T06:44:23.354108" elapsed="1.838901"/>
</kw>
<kw name="Go To" owner="SeleniumLibrary">
<msg time="2024-05-28T06:44:25.198664" level="INFO">Opening url 'https://demowebshop.tricentis.com/'</msg>
<arg>${url}</arg>
<doc>Navigates the current browser window to the provided ``url``.</doc>
<status status="PASS" start="2024-05-28T06:44:25.198664" elapsed="4.372479"/>
</kw>
<kw name="Maximize Browser Window" owner="SeleniumLibrary">
<doc>Maximizes current browser window.</doc>
<status status="PASS" start="2024-05-28T06:44:29.571143" elapsed="0.053208"/>
</kw>
<kw name="Set Selenium Implicit Wait" owner="SeleniumLibrary">
<arg>5</arg>
<doc>Sets the implicit wait value used by Selenium.</doc>
<status status="PASS" start="2024-05-28T06:44:29.625082" elapsed="0.002556"/>
</kw>
<status status="PASS" start="2024-05-28T06:44:23.354108" elapsed="6.275811"/>
</kw>
<kw name="InvalidLogin test template">
<kw name=" Click the Login element" owner="LoginResources">
<kw name="Click Element" owner="SeleniumLibrary">
<msg time="2024-05-28T06:44:29.632754" level="INFO">Clicking element 'xpath=//a[text()='Log in']'.</msg>
<arg>${login}</arg>
<doc>Click the element identified by ``locator``.</doc>
<status status="PASS" start="2024-05-28T06:44:29.631750" elapsed="0.715497"/>
</kw>
<status status="PASS" start="2024-05-28T06:44:29.630818" elapsed="0.721427"/>
</kw>
<kw name=" Fill the Login Form" owner="LoginResources">
<kw name="Input Text" owner="SeleniumLibrary">
<msg time="2024-05-28T06:44:30.355928" level="INFO">Typing text 'jkrose1@gmail.com' into text field 'xpath=//input[@class='email']'.</msg>
<arg>${email}</arg>
<arg>${username}</arg>
<doc>Types the given ``text`` into the text field identified by ``locator``.</doc>
<status status="PASS" start="2024-05-28T06:44:30.355928" elapsed="0.126579"/>
</kw>
<kw name="Input Text" owner="SeleniumLibrary">
<msg time="2024-05-28T06:44:30.484942" level="INFO">Typing text 'ros' into text field 'xpath=//input[@class='password']'.</msg>
<arg>${passwords}</arg>
<arg>${password}</arg>
<doc>Types the given ``text`` into the text field identified by ``locator``.</doc>
<status status="PASS" start="2024-05-28T06:44:30.482942" elapsed="0.079129"/>
</kw>
<arg>${username}</arg>
<arg>${password}</arg>
<status status="PASS" start="2024-05-28T06:44:30.352245" elapsed="0.212379"/>
</kw>
<kw name=" Click the login button" owner="LoginResources">
<kw name="Click Element" owner="SeleniumLibrary">
<msg time="2024-05-28T06:44:30.564624" level="INFO">Clicking element 'xpath=//input[@class='button-1 login-button']'.</msg>
<arg>${login_btn}</arg>
<doc>Click the element identified by ``locator``.</doc>
<status status="PASS" start="2024-05-28T06:44:30.564624" elapsed="0.421528"/>
</kw>
<status status="PASS" start="2024-05-28T06:44:30.564624" elapsed="0.426535"/>
</kw>
<kw name=" Check for the Invalid msg" owner="LoginResources">
<kw name="Element Text Should Be" owner="SeleniumLibrary">
<msg time="2024-05-28T06:44:30.991159" level="INFO">Verifying element 'xpath=//div[@class='message-error']' contains exact text 'Login was unsuccessful. Please correct the errors and try again.
No customer account found'.</msg>
<arg>${invalid_msg}</arg>
<arg>${invalids_msg}</arg>
<doc>Verifies that element ``locator`` contains exact the text ``expected``.</doc>
<status status="PASS" start="2024-05-28T06:44:30.991159" elapsed="0.186368"/>
</kw>
<status status="PASS" start="2024-05-28T06:44:30.991159" elapsed="0.186368"/>
</kw>
<arg>username=jkrose1@gmail.com</arg>
<arg>password=ros</arg>
<status status="PASS" start="2024-05-28T06:44:29.630818" elapsed="1.546709"/>
</kw>
<kw name="close browser session" owner="GenericResources" type="TEARDOWN">
<kw name="Close Browser" owner="SeleniumLibrary">
<doc>Closes the current browser.</doc>
<status status="PASS" start="2024-05-28T06:44:31.177527" elapsed="2.235883"/>
</kw>
<status status="PASS" start="2024-05-28T06:44:31.177527" elapsed="2.235883"/>
</kw>
<status status="PASS" start="2024-05-28T06:44:23.338481" elapsed="10.074929"/>
</test>
<test id="s1-s4-t2" name="Invalid Login test" line="16">
<kw name="open the browser" owner="GenericResources" type="SETUP">
<kw name="Create Webdriver" owner="SeleniumLibrary">
<msg time="2024-05-28T06:44:33.431050" level="INFO">Creating an instance of the Chrome WebDriver.</msg>
<arg>${browser_name}</arg>
<doc>Creates an instance of Selenium WebDriver.</doc>
<status status="PASS" start="2024-05-28T06:44:33.431050" elapsed="1.865983"/>
</kw>
<kw name="Go To" owner="SeleniumLibrary">
<msg time="2024-05-28T06:44:35.299069" level="INFO">Opening url 'https://demowebshop.tricentis.com/'</msg>
<arg>${url}</arg>
<doc>Navigates the current browser window to the provided ``url``.</doc>
<status status="PASS" start="2024-05-28T06:44:35.297565" elapsed="3.763924"/>
</kw>
<kw name="Maximize Browser Window" owner="SeleniumLibrary">
<doc>Maximizes current browser window.</doc>
<status status="PASS" start="2024-05-28T06:44:39.061489" elapsed="0.059365"/>
</kw>
<kw name="Set Selenium Implicit Wait" owner="SeleniumLibrary">
<arg>5</arg>
<doc>Sets the implicit wait value used by Selenium.</doc>
<status status="PASS" start="2024-05-28T06:44:39.120854" elapsed="0.003380"/>
</kw>
<status status="PASS" start="2024-05-28T06:44:33.431050" elapsed="5.693798"/>
</kw>
<kw name="InvalidLogin test template">
<kw name=" Click the Login element" owner="LoginResources">
<kw name="Click Element" owner="SeleniumLibrary">
<msg time="2024-05-28T06:44:39.126959" level="INFO">Clicking element 'xpath=//a[text()='Log in']'.</msg>
<arg>${login}</arg>
<doc>Click the element identified by ``locator``.</doc>
<status status="PASS" start="2024-05-28T06:44:39.126959" elapsed="0.621097"/>
</kw>
<status status="PASS" start="2024-05-28T06:44:39.126959" elapsed="0.624060"/>
</kw>
<kw name=" Fill the Login Form" owner="LoginResources">
<kw name="Input Text" owner="SeleniumLibrary">
<msg time="2024-05-28T06:44:39.757390" level="INFO">Typing text 'jkrose@gmail.com' into text field 'xpath=//input[@class='email']'.</msg>
<arg>${email}</arg>
<arg>${username}</arg>
<doc>Types the given ``text`` into the text field identified by ``locator``.</doc>
<status status="PASS" start="2024-05-28T06:44:39.756613" elapsed="0.126532"/>
</kw>
<kw name="Input Text" owner="SeleniumLibrary">
<msg time="2024-05-28T06:44:39.883670" level="INFO">Typing text 'roshini' into text field 'xpath=//input[@class='password']'.</msg>
<arg>${passwords}</arg>
<arg>${password}</arg>
<doc>Types the given ``text`` into the text field identified by ``locator``.</doc>
<status status="PASS" start="2024-05-28T06:44:39.883670" elapsed="0.095292"/>
</kw>
<arg>${username}</arg>
<arg>${password}</arg>
<status status="PASS" start="2024-05-28T06:44:39.753664" elapsed="0.226302"/>
</kw>
<kw name=" Click the login button" owner="LoginResources">
<kw name="Click Element" owner="SeleniumLibrary">
<msg time="2024-05-28T06:44:39.979966" level="INFO">Clicking element 'xpath=//input[@class='button-1 login-button']'.</msg>
<arg>${login_btn}</arg>
<doc>Click the element identified by ``locator``.</doc>
<status status="PASS" start="2024-05-28T06:44:39.979966" elapsed="0.430216"/>
</kw>
<status status="PASS" start="2024-05-28T06:44:39.979966" elapsed="0.432333"/>
</kw>
<kw name=" Check for the Invalid msg" owner="LoginResources">
<kw name="Element Text Should Be" owner="SeleniumLibrary">
<msg time="2024-05-28T06:44:40.415046" level="INFO">Verifying element 'xpath=//div[@class='message-error']' contains exact text 'Login was unsuccessful. Please correct the errors and try again.
No customer account found'.</msg>
<arg>${invalid_msg}</arg>
<arg>${invalids_msg}</arg>
<doc>Verifies that element ``locator`` contains exact the text ``expected``.</doc>
<status status="PASS" start="2024-05-28T06:44:40.415046" elapsed="0.163911"/>
</kw>
<status status="PASS" start="2024-05-28T06:44:40.412299" elapsed="0.166658"/>
</kw>
<arg>username=jkrose@gmail.com</arg>
<arg>password=roshini</arg>
<status status="PASS" start="2024-05-28T06:44:39.126959" elapsed="1.451998"/>
</kw>
<kw name="close browser session" owner="GenericResources" type="TEARDOWN">
<kw name="Close Browser" owner="SeleniumLibrary">
<doc>Closes the current browser.</doc>
<status status="PASS" start="2024-05-28T06:44:40.587008" elapsed="2.220106"/>
</kw>
<status status="PASS" start="2024-05-28T06:44:40.578957" elapsed="2.228157"/>
</kw>
<status status="PASS" start="2024-05-28T06:44:33.431050" elapsed="9.376064"/>
</test>
<test id="s1-s4-t3" name="Invalid Login test" line="16">
<kw name="open the browser" owner="GenericResources" type="SETUP">
<kw name="Create Webdriver" owner="SeleniumLibrary">
<msg time="2024-05-28T06:44:42.822135" level="INFO">Creating an instance of the Chrome WebDriver.</msg>
<arg>${browser_name}</arg>
<doc>Creates an instance of Selenium WebDriver.</doc>
<status status="PASS" start="2024-05-28T06:44:42.822135" elapsed="1.801457"/>
</kw>
<kw name="Go To" owner="SeleniumLibrary">
<msg time="2024-05-28T06:44:44.628934" level="INFO">Opening url 'https://demowebshop.tricentis.com/'</msg>
<arg>${url}</arg>
<doc>Navigates the current browser window to the provided ``url``.</doc>
<status status="PASS" start="2024-05-28T06:44:44.628418" elapsed="4.273045"/>
</kw>
<kw name="Maximize Browser Window" owner="SeleniumLibrary">
<doc>Maximizes current browser window.</doc>
<status status="PASS" start="2024-05-28T06:44:48.901463" elapsed="0.059255"/>
</kw>
<kw name="Set Selenium Implicit Wait" owner="SeleniumLibrary">
<arg>5</arg>
<doc>Sets the implicit wait value used by Selenium.</doc>
<status status="PASS" start="2024-05-28T06:44:48.960718" elapsed="0.000000"/>
</kw>
<status status="PASS" start="2024-05-28T06:44:42.822135" elapsed="6.138583"/>
</kw>
<kw name="InvalidLogin test template">
<kw name=" Click the Login element" owner="LoginResources">
<kw name="Click Element" owner="SeleniumLibrary">
<msg time="2024-05-28T06:44:48.966108" level="INFO">Clicking element 'xpath=//a[text()='Log in']'.</msg>
<arg>${login}</arg>
<doc>Click the element identified by ``locator``.</doc>
<status status="PASS" start="2024-05-28T06:44:48.966108" elapsed="0.821090"/>
</kw>
<status status="PASS" start="2024-05-28T06:44:48.966108" elapsed="0.821090"/>
</kw>
<kw name=" Fill the Login Form" owner="LoginResources">
<kw name="Input Text" owner="SeleniumLibrary">
<msg time="2024-05-28T06:44:49.787198" level="INFO">Typing text '' into text field 'xpath=//input[@class='email']'.</msg>
<arg>${email}</arg>
<arg>${username}</arg>
<doc>Types the given ``text`` into the text field identified by ``locator``.</doc>
<status status="PASS" start="2024-05-28T06:44:49.787198" elapsed="0.107648"/>
</kw>
<kw name="Input Text" owner="SeleniumLibrary">
<msg time="2024-05-28T06:44:49.903430" level="INFO">Typing text '' into text field 'xpath=//input[@class='password']'.</msg>
<arg>${passwords}</arg>
<arg>${password}</arg>
<doc>Types the given ``text`` into the text field identified by ``locator``.</doc>
<status status="PASS" start="2024-05-28T06:44:49.902030" elapsed="0.090569"/>
</kw>
<arg>${username}</arg>
<arg>${password}</arg>
<status status="PASS" start="2024-05-28T06:44:49.787198" elapsed="0.205401"/>
</kw>
<kw name=" Click the login button" owner="LoginResources">
<kw name="Click Element" owner="SeleniumLibrary">
<msg time="2024-05-28T06:44:49.992599" level="INFO">Clicking element 'xpath=//input[@class='button-1 login-button']'.</msg>
<arg>${login_btn}</arg>
<doc>Click the element identified by ``locator``.</doc>
<status status="PASS" start="2024-05-28T06:44:49.992599" elapsed="0.433826"/>
</kw>
<status status="PASS" start="2024-05-28T06:44:49.992599" elapsed="0.436695"/>
</kw>
<kw name=" Check for the Invalid msg" owner="LoginResources">
<kw name="Element Text Should Be" owner="SeleniumLibrary">
<msg time="2024-05-28T06:44:50.431493" level="INFO">Verifying element 'xpath=//div[@class='message-error']' contains exact text 'Login was unsuccessful. Please correct the errors and try again.
No customer account found'.</msg>
<arg>${invalid_msg}</arg>
<arg>${invalids_msg}</arg>
<doc>Verifies that element ``locator`` contains exact the text ``expected``.</doc>
<status status="PASS" start="2024-05-28T06:44:50.431493" elapsed="0.195122"/>
</kw>
<status status="PASS" start="2024-05-28T06:44:50.430663" elapsed="0.205772"/>
</kw>
<arg>username=</arg>
<arg>password=</arg>
<status status="PASS" start="2024-05-28T06:44:48.966108" elapsed="1.670327"/>
</kw>
<kw name="close browser session" owner="GenericResources" type="TEARDOWN">
<kw name="Close Browser" owner="SeleniumLibrary">
<doc>Closes the current browser.</doc>
<status status="PASS" start="2024-05-28T06:44:50.637501" elapsed="2.204672"/>
</kw>
<status status="PASS" start="2024-05-28T06:44:50.637501" elapsed="2.206006"/>
</kw>
<status status="PASS" start="2024-05-28T06:44:42.822135" elapsed="10.021372"/>
</test>
<test id="s1-s4-t4" name="Invalid Login test" line="16">
<kw name="open the browser" owner="GenericResources" type="SETUP">
<kw name="Create Webdriver" owner="SeleniumLibrary">
<msg time="2024-05-28T06:44:52.862909" level="INFO">Creating an instance of the Chrome WebDriver.</msg>
<arg>${browser_name}</arg>
<doc>Creates an instance of Selenium WebDriver.</doc>
<status status="PASS" start="2024-05-28T06:44:52.862909" elapsed="1.817143"/>
</kw>
<kw name="Go To" owner="SeleniumLibrary">
<msg time="2024-05-28T06:44:54.686031" level="INFO">Opening url 'https://demowebshop.tricentis.com/'</msg>
<arg>${url}</arg>
<doc>Navigates the current browser window to the provided ``url``.</doc>
<status status="PASS" start="2024-05-28T06:44:54.680052" elapsed="4.457387"/>
</kw>
<kw name="Maximize Browser Window" owner="SeleniumLibrary">
<doc>Maximizes current browser window.</doc>
<status status="PASS" start="2024-05-28T06:44:59.140948" elapsed="0.066052"/>
</kw>
<kw name="Set Selenium Implicit Wait" owner="SeleniumLibrary">
<arg>5</arg>
<doc>Sets the implicit wait value used by Selenium.</doc>
<status status="PASS" start="2024-05-28T06:44:59.207000" elapsed="0.000000"/>
</kw>
<status status="PASS" start="2024-05-28T06:44:52.857702" elapsed="6.357697"/>
</kw>
<kw name="InvalidLogin test template">
<kw name=" Click the Login element" owner="LoginResources">
<kw name="Click Element" owner="SeleniumLibrary">
<msg time="2024-05-28T06:44:59.217111" level="INFO">Clicking element 'xpath=//a[text()='Log in']'.</msg>
<arg>${login}</arg>
<doc>Click the element identified by ``locator``.</doc>
<status status="PASS" start="2024-05-28T06:44:59.217111" elapsed="0.721026"/>
</kw>
<status status="PASS" start="2024-05-28T06:44:59.215934" elapsed="0.727990"/>
</kw>
<kw name=" Fill the Login Form" owner="LoginResources">
<kw name="Input Text" owner="SeleniumLibrary">
<msg time="2024-05-28T06:44:59.946079" level="INFO">Typing text 'jkrose@gmail.com' into text field 'xpath=//input[@class='email']'.</msg>
<arg>${email}</arg>
<arg>${username}</arg>
<doc>Types the given ``text`` into the text field identified by ``locator``.</doc>
<status status="PASS" start="2024-05-28T06:44:59.946079" elapsed="0.158191"/>
</kw>
<kw name="Input Text" owner="SeleniumLibrary">
<msg time="2024-05-28T06:45:00.107770" level="INFO">Typing text 'roses' into text field 'xpath=//input[@class='password']'.</msg>
<arg>${passwords}</arg>
<arg>${password}</arg>
<doc>Types the given ``text`` into the text field identified by ``locator``.</doc>
<status status="PASS" start="2024-05-28T06:45:00.106914" elapsed="0.084947"/>
</kw>
<arg>${username}</arg>
<arg>${password}</arg>
<status status="PASS" start="2024-05-28T06:44:59.944861" elapsed="0.250256"/>
</kw>
<kw name=" Click the login button" owner="LoginResources">
<kw name="Click Element" owner="SeleniumLibrary">
<msg time="2024-05-28T06:45:00.195117" level="INFO">Clicking element 'xpath=//input[@class='button-1 login-button']'.</msg>
<arg>${login_btn}</arg>
<doc>Click the element identified by ``locator``.</doc>
<status status="PASS" start="2024-05-28T06:45:00.195117" elapsed="0.447467"/>
</kw>
<status status="PASS" start="2024-05-28T06:45:00.195117" elapsed="0.453046"/>
</kw>
<kw name=" Check for the Invalid msg" owner="LoginResources">
<kw name="Element Text Should Be" owner="SeleniumLibrary">
<msg time="2024-05-28T06:45:00.648163" level="INFO">Verifying element 'xpath=//div[@class='message-error']' contains exact text 'Login was unsuccessful. Please correct the errors and try again.
No customer account found'.</msg>
<arg>${invalid_msg}</arg>
<arg>${invalids_msg}</arg>
<doc>Verifies that element ``locator`` contains exact the text ``expected``.</doc>
<status status="PASS" start="2024-05-28T06:45:00.648163" elapsed="0.212115"/>
</kw>
<status status="PASS" start="2024-05-28T06:45:00.648163" elapsed="0.219214"/>
</kw>
<arg>username=jkrose@gmail.com</arg>
<arg>password=roses</arg>
<status status="PASS" start="2024-05-28T06:44:59.215934" elapsed="1.651443"/>
</kw>
<kw name="close browser session" owner="GenericResources" type="TEARDOWN">
<kw name="Close Browser" owner="SeleniumLibrary">
<doc>Closes the current browser.</doc>
<status status="PASS" start="2024-05-28T06:45:00.867377" elapsed="2.219897"/>
</kw>
<status status="PASS" start="2024-05-28T06:45:00.867377" elapsed="2.219897"/>
</kw>
<status status="PASS" start="2024-05-28T06:44:52.857702" elapsed="10.229572"/>
</test>
<doc>Test the invalid credentials to the login page</doc>
<status status="PASS" start="2024-05-28T06:44:23.290530" elapsed="39.813022"/>
</suite>
<suite id="s1-s5" name="Test Register Invalid" source="C:\Roshini_Demo\TestCase\Test_Register_Invalid.robot">
<test id="s1-s5-t1" name="Register fields" line="20">
<kw name="open the browser" owner="GenericResources" type="SETUP">
<kw name="Create Webdriver" owner="SeleniumLibrary">
<msg time="2024-05-28T06:45:03.211933" level="INFO">Creating an instance of the Chrome WebDriver.</msg>
<arg>${browser_name}</arg>
<doc>Creates an instance of Selenium WebDriver.</doc>
<status status="PASS" start="2024-05-28T06:45:03.211933" elapsed="1.825773"/>
</kw>
<kw name="Go To" owner="SeleniumLibrary">
<msg time="2024-05-28T06:45:05.043221" level="INFO">Opening url 'https://demowebshop.tricentis.com/'</msg>
<arg>${url}</arg>
<doc>Navigates the current browser window to the provided ``url``.</doc>
<status status="PASS" start="2024-05-28T06:45:05.043221" elapsed="4.340362"/>
</kw>
<kw name="Maximize Browser Window" owner="SeleniumLibrary">
<doc>Maximizes current browser window.</doc>
<status status="PASS" start="2024-05-28T06:45:09.383583" elapsed="0.074921"/>
</kw>
<kw name="Set Selenium Implicit Wait" owner="SeleniumLibrary">
<arg>5</arg>
<doc>Sets the implicit wait value used by Selenium.</doc>
<status status="PASS" start="2024-05-28T06:45:09.458504" elapsed="0.000000"/>
</kw>
<status status="PASS" start="2024-05-28T06:45:03.211933" elapsed="6.250374"/>
</kw>
<kw name="Register for invalid value">
<kw name="click the register list" owner="RegisterResources">
<kw name="Click Element" owner="SeleniumLibrary">
<msg time="2024-05-28T06:45:09.464822" level="INFO">Clicking element 'xpath=//a[text()='Register']'.</msg>
<arg>${register_click}</arg>
<doc>Click the element identified by ``locator``.</doc>
<status status="PASS" start="2024-05-28T06:45:09.464822" elapsed="0.777903"/>
</kw>
<status status="PASS" start="2024-05-28T06:45:09.464822" elapsed="0.782287"/>
</kw>
<kw name="Select the female radiobutton" owner="RegisterResources">
<kw name="Select Radio Button" owner="SeleniumLibrary">
<msg time="2024-05-28T06:45:10.252125" level="INFO">Selecting 'F' from radio button 'Gender'.</msg>
<arg>Gender</arg>
<arg>F</arg>
<doc>Sets the radio button group ``group_name`` to ``value``.</doc>
<status status="PASS" start="2024-05-28T06:45:10.250117" elapsed="0.117592"/>
</kw>
<status status="PASS" start="2024-05-28T06:45:10.250117" elapsed="0.124190"/>
</kw>
<kw name="Empty of first name" owner="RegisterResources">
<kw name="Input Text" owner="SeleniumLibrary">
<msg time="2024-05-28T06:45:10.375825" level="INFO">Typing text 'JK' into text field 'xpath=(//input[@class='text-box single-line'])[2]'.</msg>
<arg>${lastname_L}</arg>
<arg>${lastname}</arg>
<doc>Types the given ``text`` into the text field identified by ``locator``.</doc>
<status status="PASS" start="2024-05-28T06:45:10.375825" elapsed="0.107137"/>
</kw>
<kw name="Input Text" owner="SeleniumLibrary">
<msg time="2024-05-28T06:45:10.485136" level="INFO">Typing text 'john@gmail.com' into text field 'css=input#Email'.</msg>
<arg>${emails}</arg>
<arg>${email}</arg>
<doc>Types the given ``text`` into the text field identified by ``locator``.</doc>
<status status="PASS" start="2024-05-28T06:45:10.485136" elapsed="0.088793"/>
</kw>
<kw name="Input Text" owner="SeleniumLibrary">
<msg time="2024-05-28T06:45:10.577299" level="INFO">Typing text 'sivakami' into text field 'css=input#Password'.</msg>
<arg>${password}</arg>
<arg>${passw}</arg>
<doc>Types the given ``text`` into the text field identified by ``locator``.</doc>
<status status="PASS" start="2024-05-28T06:45:10.573929" elapsed="0.073187"/>
</kw>
<kw name="Input Text" owner="SeleniumLibrary">
<msg time="2024-05-28T06:45:10.650637" level="INFO">Typing text 'sivakami' into text field 'xpath=(//input[@type='password'])[2]'.</msg>
<arg>${con_pass}</arg>
<arg>${confir_pass}</arg>
<doc>Types the given ``text`` into the text field identified by ``locator``.</doc>
<status status="PASS" start="2024-05-28T06:45:10.650637" elapsed="0.066093"/>
</kw>
<arg>${lastname}</arg>
<arg>${email}</arg>
<arg>${passw}</arg>
<arg>${confirm_pass}</arg>
<status status="PASS" start="2024-05-28T06:45:10.375825" elapsed="0.340905"/>
</kw>
<kw name="Click the register button" owner="RegisterResources">
<kw name="Click Element" owner="SeleniumLibrary">
<msg time="2024-05-28T06:45:10.716730" level="INFO">Clicking element 'css=input#register-button'.</msg>
<arg>${register_btn}</arg>
<doc>Click the element identified by ``locator``.</doc>
<status status="PASS" start="2024-05-28T06:45:10.716730" elapsed="0.065809"/>
</kw>
<status status="PASS" start="2024-05-28T06:45:10.716730" elapsed="0.068606"/>
</kw>
<kw name="check for the invalid msg" owner="RegisterResources">
<kw name="Element Text Should Be" owner="SeleniumLibrary">
<msg time="2024-05-28T06:45:10.787127" level="INFO">Verifying element 'xpath=//span[text()='First name is required.']' contains exact text 'First name is required.'.</msg>
<arg>${invalid_msg}</arg>
<arg>First name is required.</arg>
<doc>Verifies that element ``locator`` contains exact the text ``expected``.</doc>
<status status="PASS" start="2024-05-28T06:45:10.785336" elapsed="0.026769"/>
</kw>
<status status="PASS" start="2024-05-28T06:45:10.785336" elapsed="0.026769"/>
</kw>
<arg>lastname=JK</arg>
<arg>email=john@gmail.com</arg>
<arg>passw=sivakami</arg>
<arg>confirm_pass=sivakami</arg>
<status status="PASS" start="2024-05-28T06:45:09.462307" elapsed="1.349798"/>
</kw>
<kw name="close browser session" owner="GenericResources" type="TEARDOWN">
<kw name="Close Browser" owner="SeleniumLibrary">
<doc>Closes the current browser.</doc>
<status status="PASS" start="2024-05-28T06:45:10.812105" elapsed="2.221576"/>
</kw>
<status status="PASS" start="2024-05-28T06:45:10.812105" elapsed="2.221576"/>
</kw>
<status status="PASS" start="2024-05-28T06:45:03.211933" elapsed="9.821748"/>
</test>
<doc>Test the invalid credentials to the login page</doc>
<status status="PASS" start="2024-05-28T06:45:03.122736" elapsed="9.922440"/>
</suite>
<suite id="s1-s6" name="Test ValidLogin" source="C:\Roshini_Demo\TestCase\Test_ValidLogin.robot">
<test id="s1-s6-t1" name="Login test template" line="17">
<kw name="open the browser" owner="GenericResources" type="SETUP">
<kw name="Create Webdriver" owner="SeleniumLibrary">
<msg time="2024-05-28T06:45:13.096861" level="INFO">Creating an instance of the Chrome WebDriver.</msg>
<arg>${browser_name}</arg>
<doc>Creates an instance of Selenium WebDriver.</doc>
<status status="PASS" start="2024-05-28T06:45:13.096861" elapsed="1.689277"/>
</kw>
<kw name="Go To" owner="SeleniumLibrary">
<msg time="2024-05-28T06:45:14.787619" level="INFO">Opening url 'https://demowebshop.tricentis.com/'</msg>
<arg>${url}</arg>
<doc>Navigates the current browser window to the provided ``url``.</doc>
<status status="PASS" start="2024-05-28T06:45:14.787619" elapsed="4.111712"/>
</kw>
<kw name="Maximize Browser Window" owner="SeleniumLibrary">
<doc>Maximizes current browser window.</doc>
<status status="PASS" start="2024-05-28T06:45:18.899331" elapsed="0.057801"/>
</kw>
<kw name="Set Selenium Implicit Wait" owner="SeleniumLibrary">
<arg>5</arg>
<doc>Sets the implicit wait value used by Selenium.</doc>
<status status="PASS" start="2024-05-28T06:45:18.957132" elapsed="0.003553"/>
</kw>
<status status="PASS" start="2024-05-28T06:45:13.096861" elapsed="5.866679"/>
</kw>
<kw name="Login postive testcase1">
<kw name=" Click the Login element" owner="LoginResources">
<kw name="Click Element" owner="SeleniumLibrary">
<msg time="2024-05-28T06:45:18.967452" level="INFO">Clicking element 'xpath=//a[text()='Log in']'.</msg>
<arg>${login}</arg>
<doc>Click the element identified by ``locator``.</doc>
<status status="PASS" start="2024-05-28T06:45:18.967452" elapsed="0.768529"/>
</kw>
<status status="PASS" start="2024-05-28T06:45:18.965792" elapsed="0.770189"/>
</kw>
<kw name=" Fill the Login Form" owner="LoginResources">
<kw name="Input Text" owner="SeleniumLibrary">
<msg time="2024-05-28T06:45:19.743164" level="INFO">Typing text 'j.k.rose1@gmail.com' into text field 'xpath=//input[@class='email']'.</msg>
<arg>${email}</arg>
<arg>${username}</arg>
<doc>Types the given ``text`` into the text field identified by ``locator``.</doc>
<status status="PASS" start="2024-05-28T06:45:19.743164" elapsed="0.161482"/>
</kw>
<kw name="Input Text" owner="SeleniumLibrary">
<msg time="2024-05-28T06:45:19.908873" level="INFO">Typing text 'roshini' into text field 'xpath=//input[@class='password']'.</msg>
<arg>${passwords}</arg>
<arg>${password}</arg>
<doc>Types the given ``text`` into the text field identified by ``locator``.</doc>
<status status="PASS" start="2024-05-28T06:45:19.908873" elapsed="0.093200"/>
</kw>
<arg>${username}</arg>
<arg>${password}</arg>
<status status="PASS" start="2024-05-28T06:45:19.735981" elapsed="0.266367"/>
</kw>
<kw name=" Click the login button" owner="LoginResources">
<kw name="Click Element" owner="SeleniumLibrary">
<msg time="2024-05-28T06:45:20.005853" level="INFO">Clicking element 'xpath=//input[@class='button-1 login-button']'.</msg>
<arg>${login_btn}</arg>
<doc>Click the element identified by ``locator``.</doc>
<status status="PASS" start="2024-05-28T06:45:20.005853" elapsed="1.196926"/>
</kw>
<status status="PASS" start="2024-05-28T06:45:20.002348" elapsed="1.200431"/>
</kw>
<kw name=" Check the login page message" owner="LoginResources">
<kw name="Element Text Should Be" owner="SeleniumLibrary">
<msg time="2024-05-28T06:45:21.207329" level="INFO">Verifying element 'xpath=//a[text()='j.k.rose1@gmail.com']' contains exact text 'j.k.rose1@gmail.com'.</msg>
<arg>${login_msg}</arg>
<arg>${username}</arg>
<doc>Verifies that element ``locator`` contains exact the text ``expected``.</doc>
<status status="PASS" start="2024-05-28T06:45:21.207329" elapsed="0.065715"/>
</kw>
<arg>${username}</arg>
<status status="PASS" start="2024-05-28T06:45:21.207329" elapsed="0.070318"/>
</kw>
<arg>username=j.k.rose1@gmail.com</arg>
<arg>password=roshini</arg>
<status status="PASS" start="2024-05-28T06:45:18.965281" elapsed="2.312366"/>
</kw>
<kw name="close browser session" owner="GenericResources" type="TEARDOWN">
<kw name="Close Browser" owner="SeleniumLibrary">
<doc>Closes the current browser.</doc>
<status status="PASS" start="2024-05-28T06:45:21.280160" elapsed="2.217819"/>
</kw>
<status status="PASS" start="2024-05-28T06:45:21.280160" elapsed="2.217819"/>
</kw>
<status status="PASS" start="2024-05-28T06:45:13.096861" elapsed="10.401118"/>
</test>
<doc>Test the Valid information to the login page</doc>
<status status="PASS" start="2024-05-28T06:45:13.055430" elapsed="10.458192"/>
</suite>
<status status="PASS" start="2024-05-28T06:42:18.575533" elapsed="184.938089"/>
</suite>
<statistics>
<total>
<stat pass="17" fail="0" skip="0">All Tests</stat>
</total>
<tag>
<stat pass="5" fail="0" skip="0">regression</stat>
<stat pass="5" fail="0" skip="0">smoke</stat>
</tag>
<suite>
<stat pass="17" fail="0" skip="0" id="s1" name="TestCase">TestCase</stat>
<stat pass="5" fail="0" skip="0" id="s1-s1" name="Test Appeal">TestCase.Test Appeal</stat>
<stat pass="5" fail="0" skip="0" id="s1-s2" name="Test contact">TestCase.Test contact</stat>
<stat pass="1" fail="0" skip="0" id="s1-s3" name="Test Forgotpass">TestCase.Test Forgotpass</stat>
<stat pass="4" fail="0" skip="0" id="s1-s4" name="Test InvalidLogin">TestCase.Test InvalidLogin</stat>
<stat pass="1" fail="0" skip="0" id="s1-s5" name="Test Register Invalid">TestCase.Test Register Invalid</stat>
<stat pass="1" fail="0" skip="0" id="s1-s6" name="Test ValidLogin">TestCase.Test ValidLogin</stat>
</suite>
</statistics>
<errors>
<msg time="2024-05-28T06:44:33.431050" level="WARN">Multiple tests with name 'Invalid Login test' executed in suite 'TestCase.Test InvalidLogin'.</msg>
<msg time="2024-05-28T06:44:42.822135" level="WARN">Multiple tests with name 'Invalid Login test' executed in suite 'TestCase.Test InvalidLogin'.</msg>
<msg time="2024-05-28T06:44:52.857702" level="WARN">Multiple tests with name 'Invalid Login test' executed in suite 'TestCase.Test InvalidLogin'.</msg>
</errors>
</robot>
