<?xml version="1.0" encoding="UTF-8"?>
<robot generator="Robot 7.0 (Python 3.12.2 on win32)" generated="2024-05-28T06:55:49.528107" rpa="false" schemaversion="5">
<suite id="s1" name="Test Appeal" source="C:\Roshini_Demo\TestCase\Test_Appeal.robot">
<test id="s1-t1" name="Verify the element of Z to A" line="14">
<kw name="open the browser" owner="GenericResources" type="SETUP">
<kw name="Create Webdriver" owner="SeleniumLibrary">
<msg time="2024-05-28T06:55:49.968458" level="INFO">Creating an instance of the Chrome WebDriver.</msg>
<arg>${browser_name}</arg>
<doc>Creates an instance of Selenium WebDriver.</doc>
<status status="PASS" start="2024-05-28T06:55:49.968458" elapsed="7.285903"/>
</kw>
<kw name="Go To" owner="SeleniumLibrary">
<msg time="2024-05-28T06:55:57.255741" level="INFO">Opening url 'https://demowebshop.tricentis.com/'</msg>
<arg>${url}</arg>
<doc>Navigates the current browser window to the provided ``url``.</doc>
<status status="PASS" start="2024-05-28T06:55:57.255741" elapsed="1.429842"/>
</kw>
<kw name="Maximize Browser Window" owner="SeleniumLibrary">
<doc>Maximizes current browser window.</doc>
<status status="PASS" start="2024-05-28T06:55:58.686172" elapsed="3.099607"/>
</kw>
<kw name="Set Selenium Implicit Wait" owner="SeleniumLibrary">
<arg>5</arg>
<doc>Sets the implicit wait value used by Selenium.</doc>
<status status="PASS" start="2024-05-28T06:56:01.785779" elapsed="0.015001"/>
</kw>
<status status="PASS" start="2024-05-28T06:55:49.968458" elapsed="11.832322"/>
</kw>
<kw name="click the appereal z to A" owner="ApparealResources">
<kw name="Click Link" owner="SeleniumLibrary">
<msg time="2024-05-28T06:56:01.802665" level="INFO">Clicking link 'css:a[href='/apparel-shoes']'.</msg>
<arg>${appereal}</arg>
<doc>Clicks a link identified by ``locator``.</doc>
<status status="PASS" start="2024-05-28T06:56:01.801786" elapsed="3.131634"/>
</kw>
<kw name="Select From List By Label" owner="SeleniumLibrary">
<msg time="2024-05-28T06:56:04.933420" level="INFO">Selecting options from selection list 'id:products-orderby' by label Name: Z to A.</msg>
<arg>id:products-orderby</arg>
<arg>Name: Z to A</arg>
<doc>Selects options from selection list ``locator`` by ``labels``.</doc>
<status status="PASS" start="2024-05-28T06:56:04.933420" elapsed="1.638407"/>
</kw>
<kw name="Select From List By Label" owner="SeleniumLibrary">
<msg time="2024-05-28T06:56:06.573643" level="INFO">Selecting options from selection list 'id:products-pagesize' by label 4.</msg>
<arg>id:products-pagesize</arg>
<arg>4</arg>
<doc>Selects options from selection list ``locator`` by ``labels``.</doc>
<status status="PASS" start="2024-05-28T06:56:06.571827" elapsed="0.900677"/>
</kw>
<kw name="Select From List By Label" owner="SeleniumLibrary">
<msg time="2024-05-28T06:56:07.472504" level="INFO">Selecting options from selection list 'id:products-viewmode' by label Grid.</msg>
<arg>id:products-viewmode</arg>
<arg>Grid</arg>
<doc>Selects options from selection list ``locator`` by ``labels``.</doc>
<status status="PASS" start="2024-05-28T06:56:07.472504" elapsed="0.094340"/>
</kw>
<kw name="Click Element" owner="SeleniumLibrary">
<msg time="2024-05-28T06:56:07.566844" level="INFO">Clicking element 'xpath=//h2[@class='product-title']'.</msg>
<arg>${click_Z to A}</arg>
<doc>Click the element identified by ``locator``.</doc>
<status status="PASS" start="2024-05-28T06:56:07.566844" elapsed="3.078304"/>
</kw>
<kw name="Element Text Should Be" owner="SeleniumLibrary">
<msg time="2024-05-28T06:56:10.647399" level="INFO">Verifying element 'css:div[class='product-name']' contains exact text 'Wool Hat'.</msg>
<arg>${check_pro}</arg>
<arg>Wool Hat</arg>
<doc>Verifies that element ``locator`` contains exact the text ``expected``.</doc>
<status status="PASS" start="2024-05-28T06:56:10.647399" elapsed="0.041810"/>
</kw>
<status status="PASS" start="2024-05-28T06:56:01.800780" elapsed="8.888429"/>
</kw>
<kw name="close browser session" owner="GenericResources" type="TEARDOWN">
<kw name="Close Browser" owner="SeleniumLibrary">
<doc>Closes the current browser.</doc>
<status status="PASS" start="2024-05-28T06:56:10.689209" elapsed="2.235242"/>
</kw>
<status status="PASS" start="2024-05-28T06:56:10.689209" elapsed="2.235242"/>
</kw>
<tag>smoke</tag>
<status status="PASS" start="2024-05-28T06:55:49.968458" elapsed="22.955993"/>
</test>
<doc>Test the sort values in the page</doc>
<status status="PASS" start="2024-05-28T06:55:49.554922" elapsed="23.369529"/>
</suite>
<statistics>
<total>
<stat pass="1" fail="0" skip="0">All Tests</stat>
</total>
<tag>
<stat pass="1" fail="0" skip="0">smoke</stat>
</tag>
<suite>
<stat pass="1" fail="0" skip="0" id="s1" name="Test Appeal">Test Appeal</stat>
</suite>
</statistics>
<errors>
</errors>
</robot>
